#
# There is insufficient memory for the Java Runtime Environment to continue.
# Native memory allocation (mmap) failed to map 65536 bytes for Failed to commit metaspace.
# Possible reasons:
#   The system is out of physical RAM or swap space
#   The process is running with CompressedOops enabled, and the Java Heap may be blocking the growth of the native heap
# Possible solutions:
#   Reduce memory load on the system
#   Increase physical memory or swap space
#   Check if swap backing store is full
#   Decrease Java heap size (-Xmx/-Xms)
#   Decrease number of Java threads
#   Decrease Java thread stack sizes (-Xss)
#   Set larger code cache with -XX:ReservedCodeCacheSize=
#   JVM is running with Unscaled Compressed Oops mode in which the Java heap is
#     placed in the first 4GB address space. The Java Heap base address is the
#     maximum limit for the native heap growth. Please use -XX:HeapBaseMinAddress
#     to set the Java Heap base and to place the Java Heap above 4GB virtual address.
# This output file may be truncated or incomplete.
#
#  Out of Memory Error (virtualSpaceNode.cpp:112), pid=9204, tid=27752
#
# JRE version: OpenJDK Runtime Environment (21.0.2+13) (build 21.0.2+13-58)
# Java VM: OpenJDK 64-Bit Server VM (21.0.2+13-58, mixed mode, sharing, tiered, compressed oops, compressed class ptrs, g1 gc, windows-amd64)
# No core dump will be written. Minidumps are not enabled by default on client versions of Windows
#

---------------  S U M M A R Y ------------

Command Line: -ea -Duser.language=en -DnodeNamesHandler=org.jetbrains.plugins.cucumber.java.run.CucumberTestTreeNodeManager -Didea.test.cyclic.buffer.size=1048576 -javaagent:C:\Program Files\JetBrains\IntelliJ IDEA 2023.3.5\lib\idea_rt.jar=35511:C:\Program Files\JetBrains\IntelliJ IDEA 2023.3.5\bin -Dfile.encoding=UTF-8 -Dsun.stdout.encoding=UTF-8 -Dsun.stderr.encoding=UTF-8 com.intellij.rt.junit.JUnitStarter -ideVersion5 -junit4 runners.Runner

Host: Intel(R) Core(TM) i5-10210U CPU @ 1.60GHz, 8 cores, 7G,  Windows 11 , 64 bit Build 22621 (10.0.22621.3374)
Time: Thu May  2 13:48:04 2024 Arab Standard Time elapsed time: 2.835580 seconds (0d 0h 0m 2s)

---------------  T H R E A D  ---------------

Current thread (0x0000017924730dc0):  JavaThread "main"             [_thread_in_vm, id=27752, stack(0x0000005664e00000,0x0000005664f00000) (1024K)]

Stack: [0x0000005664e00000,0x0000005664f00000]
Native frames: (J=compiled Java code, j=interpreted, Vv=VM code, C=native code)
V  [jvm.dll+0x6cade9]
V  [jvm.dll+0x8569c1]
V  [jvm.dll+0x858d2e]
V  [jvm.dll+0x859413]
V  [jvm.dll+0x280e56]
V  [jvm.dll+0x8526ee]
V  [jvm.dll+0x66e705]
V  [jvm.dll+0x1e68cc]
V  [jvm.dll+0x1e669e]
V  [jvm.dll+0x67104c]
V  [jvm.dll+0x670e62]
V  [jvm.dll+0x66f0de]
V  [jvm.dll+0x26b47f]
V  [jvm.dll+0x679305]
V  [jvm.dll+0x217b73]
V  [jvm.dll+0x2180b5]
V  [jvm.dll+0x218ad1]
V  [jvm.dll+0x20dd9e]
V  [jvm.dll+0x5ad3dc]
V  [jvm.dll+0x7cf5e6]
V  [jvm.dll+0x470270]
V  [jvm.dll+0x475ef8]
C  [java.dll+0x17ec]

Java frames: (J=compiled Java code, j=interpreted, Vv=VM code)
J 833  java.lang.ClassLoader.defineClass1(Ljava/lang/ClassLoader;Ljava/lang/String;[BIILjava/security/ProtectionDomain;Ljava/lang/String;)Ljava/lang/Class; java.base@21.0.2 (0 bytes) @ 0x000001793675be11 [0x000001793675bd40+0x00000000000000d1]
J 1270 c1 java.lang.ClassLoader.defineClass(Ljava/lang/String;[BIILjava/security/ProtectionDomain;)Ljava/lang/Class; java.base@21.0.2 (43 bytes) @ 0x000001792eeb1f7c [0x000001792eeb1c20+0x000000000000035c]
J 1243 c1 java.security.SecureClassLoader.defineClass(Ljava/lang/String;[BIILjava/security/CodeSource;)Ljava/lang/Class; java.base@21.0.2 (16 bytes) @ 0x000001792eea3d1c [0x000001792eea3c40+0x00000000000000dc]
J 1109 c1 jdk.internal.loader.BuiltinClassLoader.defineClass(Ljava/lang/String;Ljdk/internal/loader/Resource;)Ljava/lang/Class; java.base@21.0.2 (121 bytes) @ 0x000001792ee427c4 [0x000001792ee41840+0x0000000000000f84]
J 817 c1 jdk.internal.loader.BuiltinClassLoader.findClassOnClassPathOrNull(Ljava/lang/String;)Ljava/lang/Class; java.base@21.0.2 (64 bytes) @ 0x000001792eda33a4 [0x000001792eda26a0+0x0000000000000d04]
J 519 c1 jdk.internal.loader.BuiltinClassLoader.loadClassOrNull(Ljava/lang/String;Z)Ljava/lang/Class; java.base@21.0.2 (143 bytes) @ 0x000001792ed15344 [0x000001792ed148e0+0x0000000000000a64]
J 1114 c1 jdk.internal.loader.ClassLoaders$AppClassLoader.loadClass(Ljava/lang/String;Z)Ljava/lang/Class; java.base@21.0.2 (40 bytes) @ 0x000001792ee44de4 [0x000001792ee44c00+0x00000000000001e4]
J 1110 c1 java.lang.ClassLoader.loadClass(Ljava/lang/String;)Ljava/lang/Class; java.base@21.0.2 (7 bytes) @ 0x000001792ee433d4 [0x000001792ee432c0+0x0000000000000114]
v  ~StubRoutines::call_stub 0x000001793618100d
j  io.cucumber.core.runner.Runner.<init>(Lio/cucumber/core/eventbus/EventBus;Ljava/util/Collection;Lio/cucumber/core/backend/ObjectFactory;Lio/cucumber/core/runner/Options;)V+21
j  io.cucumber.core.runtime.ThreadLocalRunnerSupplier.createRunner()Lio/cucumber/core/runner/Runner;+37
j  io.cucumber.core.runtime.ThreadLocalRunnerSupplier$$Lambda+0x0000017945146eb0.get()Ljava/lang/Object;+4
j  java.lang.ThreadLocal$SuppliedThreadLocal.initialValue()Ljava/lang/Object;+4 java.base@21.0.2
j  java.lang.ThreadLocal.setInitialValue(Ljava/lang/Thread;)Ljava/lang/Object;+1 java.base@21.0.2
j  java.lang.ThreadLocal.get(Ljava/lang/Thread;)Ljava/lang/Object;+31 java.base@21.0.2
j  java.lang.ThreadLocal.get()Ljava/lang/Object;+4 java.base@21.0.2
j  io.cucumber.core.runtime.ThreadLocalRunnerSupplier.get()Lio/cucumber/core/runner/Runner;+4
j  io.cucumber.core.runtime.CucumberExecutionContext$$Lambda+0x000001794516ea70.get()Ljava/lang/Object;+4
j  io.cucumber.core.runtime.RethrowingThrowableCollector.executeAndThrow(Ljava/util/function/Supplier;)Ljava/lang/Object;+1
j  io.cucumber.core.runtime.CucumberExecutionContext.getRunner()Lio/cucumber/core/runner/Runner;+18
j  io.cucumber.core.runtime.CucumberExecutionContext.runBeforeAllHooks()V+1
j  io.cucumber.core.runtime.CucumberExecutionContext.lambda$runFeatures$6(Lio/cucumber/core/runtime/CucumberExecutionContext$ThrowingRunnable;)V+1
j  io.cucumber.core.runtime.CucumberExecutionContext$$Lambda+0x000001794516e850.run()V+8
j  io.cucumber.core.runtime.CucumberExecutionContext.execute(Lio/cucumber/core/runtime/CucumberExecutionContext$ThrowingRunnable;)V+1
j  io.cucumber.core.runtime.CucumberExecutionContext.runFeatures(Lio/cucumber/core/runtime/CucumberExecutionContext$ThrowingRunnable;)V+12
j  io.cucumber.junit.Cucumber$StartAndFinishTestRun.evaluate()V+68
j  org.junit.runners.ParentRunner.run(Lorg/junit/runner/notification/RunNotifier;)V+24
j  org.junit.runner.JUnitCore.run(Lorg/junit/runner/Runner;)Lorg/junit/runner/Result;+37
j  com.intellij.junit4.JUnit4IdeaTestRunner.startRunnerWithArgs([Ljava/lang/String;Ljava/lang/String;IZ)I+166
j  com.intellij.rt.junit.IdeaTestRunner$Repeater$1.execute(Z)I+17
j  com.intellij.rt.execution.junit.TestsRepeater.repeat(IZLcom/intellij/rt/execution/junit/TestsRepeater$TestRun;)I+7
j  com.intellij.rt.junit.IdeaTestRunner$Repeater.startRunnerWithArgs(Lcom/intellij/rt/junit/IdeaTestRunner;[Ljava/lang/String;Ljava/util/ArrayList;Ljava/lang/String;IZ)I+25
j  com.intellij.rt.junit.JUnitStarter.prepareStreamsAndStart([Ljava/lang/String;Ljava/lang/String;Ljava/util/ArrayList;Ljava/lang/String;)I+117
j  com.intellij.rt.junit.JUnitStarter.main([Ljava/lang/String;)V+97
v  ~StubRoutines::call_stub 0x000001793618100d

Compiled method (n/a)    2874  833     n 0       java.lang.ClassLoader::defineClass1 (native)
 total in heap  [0x000001793675bb90,0x000001793675c1f0] = 1632
 relocation     [0x000001793675bcf0,0x000001793675bd28] = 56
 main code      [0x000001793675bd40,0x000001793675c1ef] = 1199
 stub code      [0x000001793675c1ef,0x000001793675c1f0] = 1

[Constant Pool (empty)]

[MachCode]
[Entry Point]
  # {method} {0x000001794443b8f0} 'defineClass1' '(Ljava/lang/ClassLoader;Ljava/lang/String;[BIILjava/security/ProtectionDomain;Ljava/lang/String;)Ljava/lang/Class;' in 'java/lang/ClassLoader'
  # parm0:    rdx:rdx   = 'java/lang/ClassLoader'
  # parm1:    r8:r8     = 'java/lang/String'
  # parm2:    r9:r9     = '[B'
  # parm3:    rdi       = int
  # parm4:    rsi       = int
  # parm5:    rcx:rcx   = 'java/security/ProtectionDomain'
  # parm6:    [sp+0xa0]   = 'java/lang/String'  (sp of caller)
  0x000001793675bd40: 448b 5208 | 49bb 0000 | 0044 7901 | 0000 4d03 | d349 3bc2 | 0f84 0600 

  0x000001793675bd58: ;   {runtime_call ic_miss_stub}
  0x000001793675bd58: 0000 e921 | 2aa7 ff90 
[Verified Entry Point]
  0x000001793675bd60: 8984 2400 | 80ff ff55 | 488b ec48 | 81ec 9000 | 0000 6690 | 4181 7f20 | 0100 0000 

  0x000001793675bd7c: ;   {runtime_call StubRoutines (final stubs)}
  0x000001793675bd7c: 7405 e8dd | 8fa5 ff48 | 837d 1000 | 488d 4510 | 480f 4445 | 1048 8944 | 2440 4889 | 4c24 7048 
  0x000001793675bd9c: 83f9 0048 | 8d44 2470 | 480f 4444 | 2470 4889 | 4424 3848 | 8974 2430 | 4889 7c24 | 284c 894c 
  0x000001793675bdbc: 2458 4983 | f900 488d | 4424 5848 | 0f44 4424 | 5848 8944 | 2420 4c89 | 4424 5049 | 83f8 004c 
  0x000001793675bddc: 8d4c 2450 | 4c0f 444c | 2450 4889 | 5424 4848 | 83fa 004c | 8d44 2448 | 4c0f 4444 

  0x000001793675bdf8: ;   {oop(a 'java/lang/Class'{0x0000000088e71e88} = 'java/lang/ClassLoader')}
  0x000001793675bdf8: 2448 49be | 881e e788 | 0000 0000 | 4c89 7424 | 784c 8d74 | 2478 498b | d6c5 f877 

  0x000001793675be14: ;   {internal_word}
  0x000001793675be14: 49ba 11be | 7536 7901 | 0000 4d89 | 97a0 0300 | 0049 89a7 | 9803 0000 

  0x000001793675be2c: ;   {external_word}
  0x000001793675be2c: 49ba f945 | 77c9 fb7f | 0000 4180 | 3a00 0f84 | 4e00 0000 | 5241 5041 

  0x000001793675be44: ;   {metadata({method} {0x000001794443b8f0} 'defineClass1' '(Ljava/lang/ClassLoader;Ljava/lang/String;[BIILjava/security/ProtectionDomain;Ljava/lang/String;)Ljava/lang/Class;' in 'java/lang/ClassLoader')}
  0x000001793675be44: 5148 bae8 | b843 4479 | 0100 0049 | 8bcf 4883 | ec20 40f6 | c40f 0f84 | 1900 0000 | 4883 ec08 
  0x000001793675be64: ;   {runtime_call}
  0x000001793675be64: 48b8 4009 | 28c9 fb7f | 0000 ffd0 | 4883 c408 | e90c 0000 

  0x000001793675be78: ;   {runtime_call}
  0x000001793675be78: 0048 b840 | 0928 c9fb | 7f00 00ff | d048 83c4 | 2041 5941 | 585a 498d | 8fb8 0300 | 0041 c787 
  0x000001793675be98: 4c04 0000 | 0400 0000 

  0x000001793675bea0: ;   {runtime_call}
  0x000001793675bea0: 48b8 ac16 | 7ddc fb7f | 0000 ffd0 | c5f8 7741 | c787 4c04 | 0000 0500 | 0000 f083 | 4424 c000 
  0x000001793675bec0: 493b af50 | 0400 000f | 870e 0000 | 0041 83bf | 4804 0000 | 000f 842b | 0000 00c5 | f877 4889 
  0x000001793675bee0: 45f8 498b | cf4c 8be4 | 4883 ec20 | 4883 e4f0 

  0x000001793675bef0: ;   {runtime_call}
  0x000001793675bef0: 48b8 d0c3 | f3c8 fb7f | 0000 ffd0 | 498b e44d | 33e4 488b | 45f8 41c7 | 874c 0400 | 0008 0000 
  0x000001793675bf10: 0041 83bf | c804 0000 | 020f 84a3 

  0x000001793675bf1c: ;   {external_word}
  0x000001793675bf1c: 0200 0049 | baf9 4577 | c9fb 7f00 | 0041 803a | 000f 844c | 0000 0048 

  0x000001793675bf34: ;   {metadata({method} {0x000001794443b8f0} 'defineClass1' '(Ljava/lang/ClassLoader;Ljava/lang/String;[BIILjava/security/ProtectionDomain;Ljava/lang/String;)Ljava/lang/Class;' in 'java/lang/ClassLoader')}
  0x000001793675bf34: 8945 f848 | bae8 b843 | 4479 0100 | 0049 8bcf | 4883 ec20 | 40f6 c40f | 0f84 1900 | 0000 4883 
  0x000001793675bf54: ;   {runtime_call}
  0x000001793675bf54: ec08 48b8 | 4009 28c9 | fb7f 0000 | ffd0 4883 | c408 e90c 

  0x000001793675bf68: ;   {runtime_call}
  0x000001793675bf68: 0000 0048 | b840 0928 | c9fb 7f00 | 00ff d048 | 83c4 2048 | 8b45 f849 | c787 9803 | 0000 0000 
  0x000001793675bf88: 0000 49c7 | 87a0 0300 | 0000 0000 | 00c5 f877 | 4885 c00f | 84fe 0100 | 00a8 030f | 8508 0000 
  0x000001793675bfa8: 0048 8b00 | e9ee 0100 | 00a8 010f | 8509 0000 | 0048 8b40 | fee9 dd01 | 0000 488b | 40ff 4180 
  0x000001793675bfc8: 7f40 000f | 84ce 0100 | 0048 83f8 | 000f 84c4 | 0100 0049 | 8b4f 2848 | 83f9 000f | 8414 0000 
  0x000001793675bfe8: 0048 83e9 | 0849 894f | 2849 034f | 3848 8901 | e9a2 0100 | 0048 81ec | d000 0000 | 4889 0424 
  0x000001793675c008: 4889 4c24 | 0848 8954 | 2410 4889 | 7424 1848 | 897c 2420 | 4c89 4424 | 284c 894c | 2430 4c89 
  0x000001793675c028: 5424 384c | 895c 2440 | c5fb 1144 | 2450 c5fb | 114c 2458 | c5fb 1154 | 2460 c5fb | 115c 2468 
  0x000001793675c048: c5fb 1164 | 2470 c5fb | 116c 2478 | c5fb 11b4 | 2480 0000 | 00c5 fb11 | bc24 8800 | 0000 c57b 
  0x000001793675c068: ;   {no_reloc}
  0x000001793675c068: 1184 2490 | 0000 00c5 | 7b11 8c24 | 9800 0000 | c57b 1194 | 24a0 0000 | 00c5 7b11 | 9c24 a800 
  0x000001793675c088: 0000 c57b | 11a4 24b0 | 0000 00c5 | 7b11 ac24 | b800 0000 | c57b 11b4 | 24c0 0000 | 00c5 7b11 
  0x000001793675c0a8: bc24 c800 | 0000 498b | d748 8bc8 | 4883 ec20 | 40f6 c40f | 0f84 1900 | 0000 4883 

  0x000001793675c0c4: ;   {runtime_call}
  0x000001793675c0c4: ec08 48b8 | 9026 e7c8 | fb7f 0000 | ffd0 4883 | c408 e90c 

  0x000001793675c0d8: ;   {runtime_call}
  0x000001793675c0d8: 0000 0048 | b890 26e7 | c8fb 7f00 | 00ff d048 | 83c4 20c5 | 7b10 bc24 | c800 0000 | c57b 10b4 
  0x000001793675c0f8: 24c0 0000 | 00c5 7b10 | ac24 b800 | 0000 c57b | 10a4 24b0 | 0000 00c5 | 7b10 9c24 | a800 0000 
  0x000001793675c118: c57b 1094 | 24a0 0000 | 00c5 7b10 | 8c24 9800 | 0000 c57b | 1084 2490 | 0000 00c5 | fb10 bc24 
  0x000001793675c138: 8800 0000 | c5fb 10b4 | 2480 0000 | 00c5 fb10 | 6c24 78c5 | fb10 6424 | 70c5 fb10 | 5c24 68c5 
  0x000001793675c158: fb10 5424 | 60c5 fb10 | 4c24 58c5 | fb10 4424 | 504c 8b5c | 2440 4c8b | 5424 384c | 8b4c 2430 
  0x000001793675c178: 4c8b 4424 | 2848 8b7c | 2420 488b | 7424 1848 | 8b54 2410 | 488b 4c24 | 0848 8b04 | 2448 81c4 
  0x000001793675c198: d000 0000 | c5f8 7749 | 8b8f 2804 | 0000 c781 | 0001 0000 | 0000 0000 | c949 837f | 0800 0f85 
  0x000001793675c1b8: 0100 0000 

  0x000001793675c1bc: ;   {runtime_call StubRoutines (initial stubs)}
  0x000001793675c1bc: c3e9 3e4d | a2ff c5f8 | 7748 8945 | f84c 8be4 | 4883 ec20 | 4883 e4f0 

  0x000001793675c1d4: ;   {runtime_call}
  0x000001793675c1d4: 48b8 7041 | 28c9 fb7f | 0000 ffd0 | 498b e44d | 33e4 488b | 45f8 e930 | fdff fff4 
[/MachCode]


Compiled method (c1)    2890 1270       3       java.lang.ClassLoader::defineClass (43 bytes)
 total in heap  [0x000001792eeb1a10,0x000001792eeb2368] = 2392
 relocation     [0x000001792eeb1b70,0x000001792eeb1c10] = 160
 main code      [0x000001792eeb1c20,0x000001792eeb20c0] = 1184
 stub code      [0x000001792eeb20c0,0x000001792eeb2138] = 120
 metadata       [0x000001792eeb2138,0x000001792eeb2168] = 48
 scopes data    [0x000001792eeb2168,0x000001792eeb2258] = 240
 scopes pcs     [0x000001792eeb2258,0x000001792eeb2338] = 224
 dependencies   [0x000001792eeb2338,0x000001792eeb2340] = 8
 nul chk table  [0x000001792eeb2340,0x000001792eeb2368] = 40

[Constant Pool (empty)]

[MachCode]
[Entry Point]
  # {method} {0x000001794443bc70} 'defineClass' '(Ljava/lang/String;[BIILjava/security/ProtectionDomain;)Ljava/lang/Class;' in 'java/lang/ClassLoader'
  # this:     rdx:rdx   = 'java/lang/ClassLoader'
  # parm0:    r8:r8     = 'java/lang/String'
  # parm1:    r9:r9     = '[B'
  # parm2:    rdi       = int
  # parm3:    rsi       = int
  # parm4:    rcx:rcx   = 'java/security/ProtectionDomain'
  #           [sp+0xc0]  (sp of caller)
  0x000001792eeb1c20: 448b 5208 | 49bb 0000 | 0044 7901 | 0000 4d03 | d34c 3bd0 

  0x000001792eeb1c34: ;   {runtime_call ic_miss_stub}
  0x000001792eeb1c34: 0f85 46cb | 3107 660f | 1f44 0000 
[Verified Entry Point]
  0x000001792eeb1c40: 8984 2400 | 80ff ff55 | 4881 ecb0 | 0000 0090 | 4181 7f20 | 0100 0000 

  0x000001792eeb1c58: ;   {runtime_call StubRoutines (final stubs)}
  0x000001792eeb1c58: 7405 e801 | 3130 0748 | 8954 2478 

  0x000001792eeb1c64: ;   {metadata(method data for {method} {0x000001794443bc70} 'defineClass' '(Ljava/lang/String;[BIILjava/security/ProtectionDomain;)Ljava/lang/Class;' in 'java/lang/ClassLoader')}
  0x000001792eeb1c64: 48bb 0082 | 2e85 7901 | 0000 8b83 | cc00 0000 | 83c0 0289 | 83cc 0000 | 0025 fe07 | 0000 85c0 
  0x000001792eeb1c84: 0f84 5803 | 0000 89b4 | 2494 0000 | 0089 bc24 | 9000 0000 | 4c89 8c24 | 8800 0000 

  0x000001792eeb1ca0: ;   {metadata(method data for {method} {0x000001794443bc70} 'defineClass' '(Ljava/lang/String;[BIILjava/security/ProtectionDomain;)Ljava/lang/Class;' in 'java/lang/ClassLoader')}
  0x000001792eeb1ca0: 488b da48 | b800 822e | 8579 0100 | 0048 8380 | 1001 0000 | 0149 8bd8 | 4c8b c34c | 8bc9 488b 
  0x000001792eeb1cc0: ca48 8bd1 | 4889 9c24 | 8000 0000 

  0x000001792eeb1ccc: ;   {optimized virtual_call}
  0x000001792eeb1ccc: 6666 90e8 

  0x000001792eeb1cd0: ; ImmutableOopMap {[120]=Oop [128]=Oop [136]=Oop }
                      ;*invokevirtual preDefineClass {reexecute=0 rethrow=0 return_oop=0}
                      ; - java.lang.ClassLoader::defineClass@4 (line 1025)
  0x000001792eeb1cd0: 4c33 ffff 

  0x000001792eeb1cd4: ;   {other}
  0x000001792eeb1cd4: 0f1f 8400 | c402 0000 | 4889 8424 | 9800 0000 | 488b 5424 

  0x000001792eeb1ce8: ;   {metadata(method data for {method} {0x000001794443bc70} 'defineClass' '(Ljava/lang/String;[BIILjava/security/ProtectionDomain;)Ljava/lang/Class;' in 'java/lang/ClassLoader')}
  0x000001792eeb1ce8: 7849 b800 | 822e 8579 | 0100 0049 | 8380 4801 

  0x000001792eeb1cf8: ;   {metadata(method data for {method} {0x000001794443b958} 'defineClassSourceLocation' '(Ljava/security/ProtectionDomain;)Ljava/lang/String;' in 'java/lang/ClassLoader')}
  0x000001792eeb1cf8: 0000 0149 | b870 922e | 8579 0100 | 0041 8b90 | cc00 0000 | 83c2 0241 | 8990 cc00 | 0000 81e2 
  0x000001792eeb1d18: feff 1f00 | 85d2 0f84 | df02 0000 

  0x000001792eeb1d24: ; implicit exception: dispatches to 0x000001792eeb2024
  0x000001792eeb1d24: 483b 004c 

  0x000001792eeb1d28: ;   {metadata(method data for {method} {0x000001794443b958} 'defineClassSourceLocation' '(Ljava/security/ProtectionDomain;)Ljava/lang/String;' in 'java/lang/ClassLoader')}
  0x000001792eeb1d28: 8bc0 48ba | 7092 2e85 | 7901 0000 | 4883 8210 | 0100 0001 | 448b 4010 

  0x000001792eeb1d40: ;   {metadata(method data for {method} {0x000001794443b958} 'defineClassSourceLocation' '(Ljava/security/ProtectionDomain;)Ljava/lang/String;' in 'java/lang/ClassLoader')}
  0x000001792eeb1d40: 4d85 c048 | ba70 922e | 8579 0100 | 0048 be58 | 0100 0000 | 0000 0075 | 0a48 be48 | 0100 0000 
  0x000001792eeb1d60: 0000 0048 | 8b3c 3248 | 8d7f 0148 | 893c 320f | 850f 0000 

  0x000001792eeb1d74: ;   {oop(nullptr)}
  0x000001792eeb1d74: 0048 bb00 | 0000 0000 | 0000 00e9 | a301 0000 

  0x000001792eeb1d84: ; implicit exception: dispatches to 0x000001792eeb2029
  0x000001792eeb1d84: 493b 0049 

  0x000001792eeb1d88: ;   {metadata(method data for {method} {0x000001794443b958} 'defineClassSourceLocation' '(Ljava/security/ProtectionDomain;)Ljava/lang/String;' in 'java/lang/ClassLoader')}
  0x000001792eeb1d88: 8bd0 48be | 7092 2e85 | 7901 0000 | 4883 8668 | 0100 0001 | 418b 500c 

  0x000001792eeb1da0: ;   {metadata(method data for {method} {0x000001794443b958} 'defineClassSourceLocation' '(Ljava/security/ProtectionDomain;)Ljava/lang/String;' in 'java/lang/ClassLoader')}
  0x000001792eeb1da0: 4885 d248 | be70 922e | 8579 0100 | 0048 bfb0 | 0100 0000 | 0000 0075 | 0a48 bfa0 | 0100 0000 
  0x000001792eeb1dc0: 0000 0048 | 8b1c 3e48 | 8d5b 0148 | 891c 3e0f | 850f 0000 

  0x000001792eeb1dd4: ;   {oop(nullptr)}
  0x000001792eeb1dd4: 0048 bb00 | 0000 0000 | 0000 00e9 | 4301 0000 

  0x000001792eeb1de4: ;   {metadata(method data for {method} {0x000001794443b958} 'defineClassSourceLocation' '(Ljava/security/ProtectionDomain;)Ljava/lang/String;' in 'java/lang/ClassLoader')}
  0x000001792eeb1de4: 48be 7092 | 2e85 7901 | 0000 4883 | 86c0 0100 | 0001 483b | 024c 8bc2 

  0x000001792eeb1dfc: ;   {metadata(method data for {method} {0x000001794443b958} 'defineClassSourceLocation' '(Ljava/security/ProtectionDomain;)Ljava/lang/String;' in 'java/lang/ClassLoader')}
  0x000001792eeb1dfc: 48be 7092 | 2e85 7901 | 0000 4883 | 86f8 0100 

  0x000001792eeb1e0c: ;   {metadata(method data for {method} {0x000001794401aa98} 'toString' '()Ljava/lang/String;' in 'java/net/URL')}
  0x000001792eeb1e0c: 0001 49b8 | a849 2385 | 7901 0000 | 418b b0cc | 0000 0083 | c602 4189 | b0cc 0000 | 0081 e6fe 
  0x000001792eeb1e2c: ff1f 0085 | f60f 84fc | 0100 004c 

  0x000001792eeb1e38: ;   {metadata(method data for {method} {0x000001794401aa98} 'toString' '()Ljava/lang/String;' in 'java/net/URL')}
  0x000001792eeb1e38: 8bc2 48be | a849 2385 | 7901 0000 | 4883 8610 | 0100 0001 

  0x000001792eeb1e4c: ;   {metadata(method data for {method} {0x000001794442f570} 'toExternalForm' '()Ljava/lang/String;' in 'java/net/URL')}
  0x000001792eeb1e4c: 49b8 304b | 2385 7901 | 0000 418b | b0cc 0000 | 0083 c602 | 4189 b0cc | 0000 0081 | e6fe ff1f 
  0x000001792eeb1e6c: 0085 f60f | 84df 0100 | 008b 7238 

  0x000001792eeb1e78: ; implicit exception: dispatches to 0x000001792eeb2075
  0x000001792eeb1e78: 483b 064c 

  0x000001792eeb1e7c: ;   {metadata(method data for {method} {0x000001794442f570} 'toExternalForm' '()Ljava/lang/String;' in 'java/net/URL')}
  0x000001792eeb1e7c: 8bc6 48bf | 304b 2385 | 7901 0000 | 458b 4008 | 49ba 0000 | 0044 7901 | 0000 4d03 | c24c 3b87 
  0x000001792eeb1e9c: 2001 0000 | 750d 4883 | 8728 0100 | 0001 e960 | 0000 004c | 3b87 3001 | 0000 750d | 4883 8738 
  0x000001792eeb1ebc: 0100 0001 | e94a 0000 | 0048 83bf | 2001 0000 | 0075 174c | 8987 2001 | 0000 48c7 | 8728 0100 
  0x000001792eeb1edc: 0001 0000 | 00e9 2900 | 0000 4883 | bf30 0100 | 0000 7517 | 4c89 8730 | 0100 0048 | c787 3801 
  0x000001792eeb1efc: 0000 0100 | 0000 e908 | 0000 0048 | 8387 1001 | 0000 014c | 8bc2 488b 

  0x000001792eeb1f14: ;   {optimized virtual_call}
  0x000001792eeb1f14: d666 90e8 

  0x000001792eeb1f18: ; ImmutableOopMap {[120]=Oop [128]=Oop [136]=Oop [152]=Oop }
                      ;*invokevirtual toExternalForm {reexecute=0 rethrow=0 return_oop=0}
                      ; - java.net.URL::toExternalForm@5 (line 1203)
                      ; - java.net.URL::toString@1 (line 1189)
                      ; - java.lang.ClassLoader::defineClassSourceLocation@22 (line 927)
                      ; - java.lang.ClassLoader::defineClass@12 (line 1026)
  0x000001792eeb1f18: 0460 f3ff 

  0x000001792eeb1f1c: ;   {other}
  0x000001792eeb1f1c: 0f1f 8400 | 0c05 0001 | 488b d848 | 8b84 2498 | 0000 008b | b424 9400 | 0000 8bbc | 2490 0000 
  0x000001792eeb1f3c: 004c 8b8c | 2488 0000 | 004c 8b84 | 2480 0000 | 0048 8b54 

  0x000001792eeb1f50: ;   {metadata(method data for {method} {0x000001794443bc70} 'defineClass' '(Ljava/lang/String;[BIILjava/security/ProtectionDomain;)Ljava/lang/Class;' in 'java/lang/ClassLoader')}
  0x000001792eeb1f50: 2478 48b9 | 0082 2e85 | 7901 0000 | 4883 8180 | 0100 0001 | 4c8b da49 | 8bd3 488b | c848 891c 
  0x000001792eeb1f70: 2466 0f1f 

  0x000001792eeb1f74: ;   {static_call}
  0x000001792eeb1f74: 4400 00e8 

  0x000001792eeb1f78: ; ImmutableOopMap {[120]=Oop [152]=Oop }
                      ;*invokestatic defineClass1 {reexecute=0 rethrow=0 return_oop=0}
                      ; - java.lang.ClassLoader::defineClass@27 (line 1027)
  0x000001792eeb1f78: e49d 8a07 

  0x000001792eeb1f7c: ;   {other}
  0x000001792eeb1f7c: 0f1f 8400 | 6c05 0002 | 488b 5424 

  0x000001792eeb1f88: ;   {metadata(method data for {method} {0x000001794443bc70} 'defineClass' '(Ljava/lang/String;[BIILjava/security/ProtectionDomain;)Ljava/lang/Class;' in 'java/lang/ClassLoader')}
  0x000001792eeb1f88: 7849 b800 | 822e 8579 | 0100 0049 | 8380 9001 | 0000 014c | 8bc0 4c8b | 8c24 9800 | 0000 488b 
  0x000001792eeb1fa8: 5424 7848 | 8984 24a0 | 0000 000f 

  0x000001792eeb1fb4: ;   {optimized virtual_call}
  0x000001792eeb1fb4: 1f40 00e8 

  0x000001792eeb1fb8: ; ImmutableOopMap {[160]=Oop }
                      ;*invokevirtual postDefineClass {reexecute=0 rethrow=0 return_oop=0}
                      ; - java.lang.ClassLoader::defineClass@37 (line 1028)
  0x000001792eeb1fb8: e40e faff 

  0x000001792eeb1fbc: ;   {other}
  0x000001792eeb1fbc: 0f1f 8400 | ac05 0003 | 488b 8424 | a000 0000 | 4881 c4b0 | 0000 005d 

  0x000001792eeb1fd4: ;   {poll_return}
  0x000001792eeb1fd4: 493b a750 | 0400 000f | 8799 0000 

  0x000001792eeb1fe0: ;   {metadata({method} {0x000001794443bc70} 'defineClass' '(Ljava/lang/String;[BIILjava/security/ProtectionDomain;)Ljava/lang/Class;' in 'java/lang/ClassLoader')}
  0x000001792eeb1fe0: 00c3 49ba | 68bc 4344 | 7901 0000 | 4c89 5424 | 0848 c704 | 24ff ffff 

  0x000001792eeb1ff8: ;   {runtime_call counter_overflow Runtime1 stub}
  0x000001792eeb1ff8: ffe8 0227 

  0x000001792eeb1ffc: ; ImmutableOopMap {rdx=Oop r8=Oop r9=Oop rcx=Oop [120]=Oop }
                      ;*synchronization entry
                      ; - java.lang.ClassLoader::defineClass@-1 (line 1025)
  0x000001792eeb1ffc: 3e07 e987 

  0x000001792eeb2000: ;   {metadata({method} {0x000001794443b958} 'defineClassSourceLocation' '(Ljava/security/ProtectionDomain;)Ljava/lang/String;' in 'java/lang/ClassLoader')}
  0x000001792eeb2000: fcff ff49 | ba50 b943 | 4479 0100 | 004c 8954 | 2408 48c7 | 0424 ffff 

  0x000001792eeb2018: ;   {runtime_call counter_overflow Runtime1 stub}
  0x000001792eeb2018: ffff e8e1 

  0x000001792eeb201c: ; ImmutableOopMap {rax=Oop [120]=Oop [128]=Oop [136]=Oop [152]=Oop }
                      ;*synchronization entry
                      ; - java.lang.ClassLoader::defineClassSourceLocation@-1 (line 924)
                      ; - java.lang.ClassLoader::defineClass@12 (line 1026)
  0x000001792eeb201c: 263e 07e9 | 00fd ffff 

  0x000001792eeb2024: ;   {runtime_call throw_null_pointer_exception Runtime1 stub}
  0x000001792eeb2024: e8d7 d53d 

  0x000001792eeb2028: ; ImmutableOopMap {rax=Oop [120]=Oop [128]=Oop [136]=Oop [152]=Oop }
                      ;*invokevirtual getCodeSource {reexecute=0 rethrow=0 return_oop=0}
                      ; - java.lang.ClassLoader::defineClassSourceLocation@1 (line 924)
                      ; - java.lang.ClassLoader::defineClass@12 (line 1026)
                      ;   {runtime_call throw_null_pointer_exception Runtime1 stub}
  0x000001792eeb2028: 07e8 d2d5 

  0x000001792eeb202c: ; ImmutableOopMap {rax=Oop r8=Oop [120]=Oop [128]=Oop [136]=Oop [152]=Oop }
                      ;*invokevirtual getLocation {reexecute=0 rethrow=0 return_oop=0}
                      ; - java.lang.ClassLoader::defineClassSourceLocation@12 (line 926)
                      ; - java.lang.ClassLoader::defineClass@12 (line 1026)
                      ;   {runtime_call throw_null_pointer_exception Runtime1 stub}
  0x000001792eeb202c: 3d07 e8cd 

  0x000001792eeb2030: ; ImmutableOopMap {rdx=Oop [120]=Oop [128]=Oop [136]=Oop [152]=Oop }
                      ;*invokevirtual toString {reexecute=0 rethrow=0 return_oop=0}
                      ; - java.lang.ClassLoader::defineClassSourceLocation@22 (line 927)
                      ; - java.lang.ClassLoader::defineClass@12 (line 1026)
                      ;   {metadata({method} {0x000001794401aa98} 'toString' '()Ljava/lang/String;' in 'java/net/URL')}
  0x000001792eeb2030: d53d 0749 | ba90 aa01 | 4479 0100 | 004c 8954 | 2408 48c7 | 0424 ffff 

  0x000001792eeb2048: ;   {runtime_call counter_overflow Runtime1 stub}
  0x000001792eeb2048: ffff e8b1 

  0x000001792eeb204c: ; ImmutableOopMap {rdx=Oop [120]=Oop [128]=Oop [136]=Oop [152]=Oop }
                      ;*synchronization entry
                      ; - java.net.URL::toString@-1 (line 1189)
                      ; - java.lang.ClassLoader::defineClassSourceLocation@22 (line 927)
                      ; - java.lang.ClassLoader::defineClass@12 (line 1026)
  0x000001792eeb204c: 263e 07e9 | e3fd ffff 

  0x000001792eeb2054: ;   {metadata({method} {0x000001794442f570} 'toExternalForm' '()Ljava/lang/String;' in 'java/net/URL')}
  0x000001792eeb2054: 49ba 68f5 | 4244 7901 | 0000 4c89 | 5424 0848 | c704 24ff 

  0x000001792eeb2068: ;   {runtime_call counter_overflow Runtime1 stub}
  0x000001792eeb2068: ffff ffe8 

  0x000001792eeb206c: ; ImmutableOopMap {rdx=Oop [120]=Oop [128]=Oop [136]=Oop [152]=Oop }
                      ;*synchronization entry
                      ; - java.net.URL::toExternalForm@-1 (line 1203)
                      ; - java.net.URL::toString@1 (line 1189)
                      ; - java.lang.ClassLoader::defineClassSourceLocation@22 (line 927)
                      ; - java.lang.ClassLoader::defineClass@12 (line 1026)
  0x000001792eeb206c: 9026 3e07 | e900 feff 

  0x000001792eeb2074: ;   {runtime_call throw_null_pointer_exception Runtime1 stub}
  0x000001792eeb2074: ffe8 86d5 

  0x000001792eeb2078: ; ImmutableOopMap {rdx=Oop rsi=Oop [120]=Oop [128]=Oop [136]=Oop [152]=Oop }
                      ;*invokevirtual toExternalForm {reexecute=0 rethrow=0 return_oop=0}
                      ; - java.net.URL::toExternalForm@5 (line 1203)
                      ; - java.net.URL::toString@1 (line 1189)
                      ; - java.lang.ClassLoader::defineClassSourceLocation@22 (line 927)
                      ; - java.lang.ClassLoader::defineClass@12 (line 1026)
                      ;   {internal_word}
  0x000001792eeb2078: 3d07 49ba | d41f eb2e | 7901 0000 | 4d89 9768 

  0x000001792eeb2088: ;   {runtime_call SafepointBlob}
  0x000001792eeb2088: 0400 00e9 | 7036 3207 | 498b 8700 | 0500 0049 | c787 0005 | 0000 0000 | 0000 49c7 | 8708 0500 
  0x000001792eeb20a8: 0000 0000 | 0048 81c4 | b000 0000 

  0x000001792eeb20b4: ;   {runtime_call unwind_exception Runtime1 stub}
  0x000001792eeb20b4: 5de9 46c6 | 3d07 f4f4 | f4f4 f4f4 
[Stub Code]
  0x000001792eeb20c0: ;   {no_reloc}
  0x000001792eeb20c0: 0f1f 4400 

  0x000001792eeb20c4: ;   {static_stub}
  0x000001792eeb20c4: 0048 bb00 | 0000 0000 

  0x000001792eeb20cc: ;   {runtime_call}
  0x000001792eeb20cc: 0000 00e9 | fbff ffff 

  0x000001792eeb20d4: ;   {static_stub}
  0x000001792eeb20d4: 48bb 0000 | 0000 0000 

  0x000001792eeb20dc: ;   {runtime_call}
  0x000001792eeb20dc: 0000 e9fb 

  0x000001792eeb20e0: ;   {static_stub}
  0x000001792eeb20e0: ffff ff48 | bb00 0000 | 0000 0000 

  0x000001792eeb20ec: ;   {runtime_call}
  0x000001792eeb20ec: 00e9 fbff 

  0x000001792eeb20f0: ;   {static_stub}
  0x000001792eeb20f0: ffff 48bb | 0000 0000 | 0000 0000 

  0x000001792eeb20fc: ;   {runtime_call}
  0x000001792eeb20fc: e9fb ffff 

  0x000001792eeb2100: ;   {runtime_call handle_exception_from_callee Runtime1 stub}
  0x000001792eeb2100: ffe8 faf2 

  0x000001792eeb2104: ;   {external_word}
  0x000001792eeb2104: 3d07 48b9 | e047 4fc9 | fb7f 0000 | 4883 e4f0 

  0x000001792eeb2114: ;   {runtime_call}
  0x000001792eeb2114: 48b8 4024 | 17c9 fb7f | 0000 ffd0 

  0x000001792eeb2120: ;   {section_word}
  0x000001792eeb2120: f449 ba21 | 21eb 2e79 | 0100 0041 

  0x000001792eeb212c: ;   {runtime_call DeoptimizationBlob}
  0x000001792eeb212c: 52e9 6e28 | 3207 f4f4 | f4f4 f4f4 
[/MachCode]


Compiled method (c1)    2918 1243       3       java.security.SecureClassLoader::defineClass (16 bytes)
 total in heap  [0x000001792eea3a90,0x000001792eea3e90] = 1024
 relocation     [0x000001792eea3bf0,0x000001792eea3c40] = 80
 main code      [0x000001792eea3c40,0x000001792eea3d98] = 344
 stub code      [0x000001792eea3d98,0x000001792eea3de8] = 80
 metadata       [0x000001792eea3de8,0x000001792eea3df0] = 8
 scopes data    [0x000001792eea3df0,0x000001792eea3e38] = 72
 scopes pcs     [0x000001792eea3e38,0x000001792eea3e88] = 80
 dependencies   [0x000001792eea3e88,0x000001792eea3e90] = 8

[Constant Pool (empty)]

[MachCode]
[Entry Point]
  # {method} {0x000001794404d810} 'defineClass' '(Ljava/lang/String;[BIILjava/security/CodeSource;)Ljava/lang/Class;' in 'java/security/SecureClassLoader'
  # this:     rdx:rdx   = 'java/security/SecureClassLoader'
  # parm0:    r8:r8     = 'java/lang/String'
  # parm1:    r9:r9     = '[B'
  # parm2:    rdi       = int
  # parm3:    rsi       = int
  # parm4:    rcx:rcx   = 'java/security/CodeSource'
  #           [sp+0x80]  (sp of caller)
  0x000001792eea3c40: 448b 5208 | 49bb 0000 | 0044 7901 | 0000 4d03 | d34c 3bd0 

  0x000001792eea3c54: ;   {runtime_call ic_miss_stub}
  0x000001792eea3c54: 0f85 26ab | 3207 660f | 1f44 0000 
[Verified Entry Point]
  0x000001792eea3c60: 8984 2400 | 80ff ff55 | 4883 ec70 | 4181 7f20 | 0100 0000 

  0x000001792eea3c74: ;   {runtime_call StubRoutines (final stubs)}
  0x000001792eea3c74: 7405 e8e5 

  0x000001792eea3c78: ;   {metadata(method data for {method} {0x000001794404d810} 'defineClass' '(Ljava/lang/String;[BIILjava/security/CodeSource;)Ljava/lang/Class;' in 'java/security/SecureClassLoader')}
  0x000001792eea3c78: 1031 0748 | bb28 e62a | 8579 0100 | 008b 83cc | 0000 0083 | c002 8983 | cc00 0000 | 25fe 0700 
  0x000001792eea3c98: 0085 c00f | 8496 0000 | 0089 7424 | 5c89 7c24 | 584c 894c | 2450 4c89 | 4424 4848 

  0x000001792eea3cb4: ;   {metadata(method data for {method} {0x000001794404d810} 'defineClass' '(Ljava/lang/String;[BIILjava/security/CodeSource;)Ljava/lang/Class;' in 'java/security/SecureClassLoader')}
  0x000001792eea3cb4: 8bda 48b8 | 28e6 2a85 | 7901 0000 | 4883 8010 | 0100 0001 | 4c8b c148 | 8bc2 488b | d048 8944 
  0x000001792eea3cd4: ;   {optimized virtual_call}
  0x000001792eea3cd4: 2440 90e8 

  0x000001792eea3cd8: ; ImmutableOopMap {[64]=Oop [72]=Oop [80]=Oop }
                      ;*invokevirtual getProtectionDomain {reexecute=0 rethrow=0 return_oop=0}
                      ; - java.security.SecureClassLoader::defineClass@9 (line 150)
  0x000001792eea3cd8: c4d4 0000 

  0x000001792eea3cdc: ;   {other}
  0x000001792eea3cdc: 0f1f 8400 | 4c02 0000 | 488b 5424 

  0x000001792eea3ce8: ;   {metadata(method data for {method} {0x000001794404d810} 'defineClass' '(Ljava/lang/String;[BIILjava/security/CodeSource;)Ljava/lang/Class;' in 'java/security/SecureClassLoader')}
  0x000001792eea3ce8: 4049 b828 | e62a 8579 | 0100 0049 | 8380 4801 | 0000 014c | 8b44 2448 | 4c8b 4c24 | 508b 7c24 
  0x000001792eea3d08: 588b 7424 | 5c48 8bc8 | 488b 5424 

  0x000001792eea3d14: ;   {optimized virtual_call}
  0x000001792eea3d14: 4066 90e8 

  0x000001792eea3d18: ; ImmutableOopMap {}
                      ;*invokevirtual defineClass {reexecute=0 rethrow=0 return_oop=0}
                      ; - java.security.SecureClassLoader::defineClass@12 (line 150)
  0x000001792eea3d18: 24df 0000 

  0x000001792eea3d1c: ;   {other}
  0x000001792eea3d1c: 0f1f 8400 | 8c02 0001 | 4883 c470 

  0x000001792eea3d28: ;   {poll_return}
  0x000001792eea3d28: 5d49 3ba7 | 5004 0000 | 0f87 2200 

  0x000001792eea3d34: ;   {metadata({method} {0x000001794404d810} 'defineClass' '(Ljava/lang/String;[BIILjava/security/CodeSource;)Ljava/lang/Class;' in 'java/security/SecureClassLoader')}
  0x000001792eea3d34: 0000 c349 | ba08 d804 | 4479 0100 | 004c 8954 | 2408 48c7 | 0424 ffff 

  0x000001792eea3d4c: ;   {runtime_call counter_overflow Runtime1 stub}
  0x000001792eea3d4c: ffff e8ad 

  0x000001792eea3d50: ; ImmutableOopMap {rdx=Oop r8=Oop r9=Oop rcx=Oop }
                      ;*synchronization entry
                      ; - java.security.SecureClassLoader::defineClass@-1 (line 150)
  0x000001792eea3d50: 093f 07e9 | 49ff ffff 

  0x000001792eea3d58: ;   {internal_word}
  0x000001792eea3d58: 49ba 293d | ea2e 7901 | 0000 4d89 | 9768 0400 

  0x000001792eea3d68: ;   {runtime_call SafepointBlob}
  0x000001792eea3d68: 00e9 9219 | 3307 498b | 8700 0500 | 0049 c787 | 0005 0000 | 0000 0000 | 49c7 8708 | 0500 0000 
  0x000001792eea3d88: 0000 0048 | 83c4 705d 

  0x000001792eea3d90: ;   {runtime_call unwind_exception Runtime1 stub}
  0x000001792eea3d90: e96b a93e | 07f4 f4f4 
[Stub Code]
  0x000001792eea3d98: ;   {no_reloc}
  0x000001792eea3d98: 48bb 58d7 | 0444 7901 

  0x000001792eea3da0: ;   {runtime_call I2C/C2I adapters}
  0x000001792eea3da0: 0000 e940 

  0x000001792eea3da4: ;   {static_stub}
  0x000001792eea3da4: 0433 0748 | bb68 bc43 | 4479 0100 

  0x000001792eea3db0: ;   {runtime_call I2C/C2I adapters}
  0x000001792eea3db0: 00e9 bfd3 

  0x000001792eea3db4: ;   {runtime_call handle_exception_from_callee Runtime1 stub}
  0x000001792eea3db4: 3107 e845 

  0x000001792eea3db8: ;   {external_word}
  0x000001792eea3db8: d63e 0748 | b9e0 474f | c9fb 7f00 | 0048 83e4 

  0x000001792eea3dc8: ;   {runtime_call}
  0x000001792eea3dc8: f048 b840 | 2417 c9fb | 7f00 00ff 

  0x000001792eea3dd4: ;   {section_word}
  0x000001792eea3dd4: d0f4 49ba | d63d ea2e | 7901 0000 

  0x000001792eea3de0: ;   {runtime_call DeoptimizationBlob}
  0x000001792eea3de0: 4152 e9b9 | 0b33 07f4 
[/MachCode]


---------------  P R O C E S S  ---------------

Threads class SMR info:
_java_thread_list=0x0000017989c215d0, length=12, elements={
0x0000017924730dc0, 0x00000179430e9090, 0x00000179430ecf80, 0x00000179430ef5d0,
0x00000179430f2800, 0x00000179430f3260, 0x00000179430fdce0, 0x00000179430feba0,
0x000001794310ca60, 0x00000179430b5b40, 0x0000017943443a90, 0x0000017943444100
}

Java Threads: ( => current thread )
=>0x0000017924730dc0 JavaThread "main"                              [_thread_in_vm, id=27752, stack(0x0000005664e00000,0x0000005664f00000) (1024K)]
  0x00000179430e9090 JavaThread "Reference Handler"          daemon [_thread_blocked, id=45620, stack(0x0000005665600000,0x0000005665700000) (1024K)]
  0x00000179430ecf80 JavaThread "Finalizer"                  daemon [_thread_blocked, id=25440, stack(0x0000005665700000,0x0000005665800000) (1024K)]
  0x00000179430ef5d0 JavaThread "Signal Dispatcher"          daemon [_thread_blocked, id=36268, stack(0x0000005665800000,0x0000005665900000) (1024K)]
  0x00000179430f2800 JavaThread "Attach Listener"            daemon [_thread_blocked, id=36508, stack(0x0000005665900000,0x0000005665a00000) (1024K)]
  0x00000179430f3260 JavaThread "Service Thread"             daemon [_thread_blocked, id=40176, stack(0x0000005665a00000,0x0000005665b00000) (1024K)]
  0x00000179430fdce0 JavaThread "Monitor Deflation Thread"   daemon [_thread_blocked, id=9268, stack(0x0000005665b00000,0x0000005665c00000) (1024K)]
  0x00000179430feba0 JavaThread "C2 CompilerThread0"         daemon [_thread_blocked, id=5500, stack(0x0000005665c00000,0x0000005665d00000) (1024K)]
  0x000001794310ca60 JavaThread "C1 CompilerThread0"         daemon [_thread_blocked, id=40152, stack(0x0000005665d00000,0x0000005665e00000) (1024K)]
  0x00000179430b5b40 JavaThread "Common-Cleaner"             daemon [_thread_blocked, id=12444, stack(0x0000005665e00000,0x0000005665f00000) (1024K)]
  0x0000017943443a90 JavaThread "Monitor Ctrl-Break"         daemon [_thread_in_native, id=35596, stack(0x0000005665f00000,0x0000005666000000) (1024K)]
  0x0000017943444100 JavaThread "Notification Thread"        daemon [_thread_blocked, id=37936, stack(0x0000005666000000,0x0000005666100000) (1024K)]
Total: 12

Other Threads:
  0x00000179430cbee0 VMThread "VM Thread"                           [id=41924, stack(0x0000005665500000,0x0000005665600000) (1024K)]
  0x00000179430b3830 WatcherThread "VM Periodic Task Thread"        [id=34116, stack(0x0000005665400000,0x0000005665500000) (1024K)]
  0x000001792685cf70 WorkerThread "GC Thread#0"                     [id=45936, stack(0x0000005664f00000,0x0000005665000000) (1024K)]
  0x0000017943fceaf0 WorkerThread "GC Thread#1"                     [id=1120, stack(0x0000005666200000,0x0000005666300000) (1024K)]
  0x0000017989912c40 WorkerThread "GC Thread#2"                     [id=24388, stack(0x0000005666300000,0x0000005666400000) (1024K)]
  0x000001798996a5a0 WorkerThread "GC Thread#3"                     [id=45624, stack(0x0000005666400000,0x0000005666500000) (1024K)]
  0x000001798941ba50 WorkerThread "GC Thread#4"                     [id=44772, stack(0x0000005666500000,0x0000005666600000) (1024K)]
  0x0000017989912fe0 WorkerThread "GC Thread#5"                     [id=37648, stack(0x0000005666600000,0x0000005666700000) (1024K)]
  0x0000017943e4ac80 WorkerThread "GC Thread#6"                     [id=40824, stack(0x0000005666700000,0x0000005666800000) (1024K)]
  0x0000017943e4f030 WorkerThread "GC Thread#7"                     [id=42264, stack(0x0000005666800000,0x0000005666900000) (1024K)]
  0x000001792686da50 ConcurrentGCThread "G1 Main Marker"            [id=39368, stack(0x0000005665000000,0x0000005665100000) (1024K)]
  0x000001792686e700 WorkerThread "G1 Conc#0"                       [id=21044, stack(0x0000005665100000,0x0000005665200000) (1024K)]
  0x0000017942f8a530 ConcurrentGCThread "G1 Refine#0"               [id=44152, stack(0x0000005665200000,0x0000005665300000) (1024K)]
  0x0000017942f8afb0 ConcurrentGCThread "G1 Service"                [id=21268, stack(0x0000005665300000,0x0000005665400000) (1024K)]
Total: 14

Threads with active compile tasks:
Total: 0

VM state: not at safepoint (normal execution)

VM Mutex/Monitor currently owned by a thread:  ([mutex/lock_event])
[0x00007ffbc978ace8] Metaspace_lock - owner thread: 0x0000017924730dc0

Heap address: 0x0000000082800000, size: 2008 MB, Compressed Oops mode: 32-bit

CDS archive(s) mapped at: [0x0000017944000000-0x0000017944c90000-0x0000017944c90000), size 13172736, SharedBaseAddress: 0x0000017944000000, ArchiveRelocationMode: 1.
Compressed class space mapped at: 0x0000017945000000-0x0000017985000000, reserved size: 1073741824
Narrow klass base: 0x0000017944000000, Narrow klass shift: 0, Narrow klass range: 0x100000000

GC Precious Log:
 CardTable entry size: 512
 Card Set container configuration: InlinePtr #cards 5 size 8 Array Of Cards #cards 12 size 40 Howl #buckets 4 coarsen threshold 1843 Howl Bitmap #cards 512 size 80 coarsen threshold 460 Card regions per heap region 1 cards per card region 2048
 CPUs: 8 total, 8 available
 Memory: 8025M
 Large Page Support: Disabled
 NUMA Support: Disabled
 Compressed Oops: Enabled (32-bit)
 Heap Region Size: 1M
 Heap Min Capacity: 8M
 Heap Initial Capacity: 126M
 Heap Max Capacity: 2008M
 Pre-touch: Disabled
 Parallel Workers: 8
 Concurrent Workers: 2
 Concurrent Refinement Workers: 8
 Periodic GC: Disabled

Heap:
 garbage-first heap   total 129024K, used 25343K [0x0000000082800000, 0x0000000100000000)
  region size 1024K, 22 young (22528K), 3 survivors (3072K)
 Metaspace       used 11325K, committed 11520K, reserved 1114112K
  class space    used 1277K, committed 1408K, reserved 1048576K

Heap Regions: E=young(eden), S=young(survivor), O=old, HS=humongous(starts), HC=humongous(continues), CS=collection set, F=free, TAMS=top-at-mark-start, PB=parsable bottom
|   0|0x0000000082800000, 0x0000000082900000, 0x0000000082900000|100%| O|  |TAMS 0x0000000082800000| PB 0x0000000082800000| Untracked 
|   1|0x0000000082900000, 0x0000000082a00000, 0x0000000082a00000|100%| O|  |TAMS 0x0000000082900000| PB 0x0000000082900000| Untracked 
|   2|0x0000000082a00000, 0x0000000082b00000, 0x0000000082b00000|100%| O|  |TAMS 0x0000000082a00000| PB 0x0000000082a00000| Untracked 
|   3|0x0000000082b00000, 0x0000000082c00000, 0x0000000082c00000|100%| O|  |TAMS 0x0000000082b00000| PB 0x0000000082b00000| Untracked 
|   4|0x0000000082c00000, 0x0000000082cbff40, 0x0000000082d00000| 74%| O|  |TAMS 0x0000000082c00000| PB 0x0000000082c00000| Untracked 
|   5|0x0000000082d00000, 0x0000000082d00000, 0x0000000082e00000|  0%| F|  |TAMS 0x0000000082d00000| PB 0x0000000082d00000| Untracked 
|   6|0x0000000082e00000, 0x0000000082e00000, 0x0000000082f00000|  0%| F|  |TAMS 0x0000000082e00000| PB 0x0000000082e00000| Untracked 
|   7|0x0000000082f00000, 0x0000000082f00000, 0x0000000083000000|  0%| F|  |TAMS 0x0000000082f00000| PB 0x0000000082f00000| Untracked 
|   8|0x0000000083000000, 0x0000000083000000, 0x0000000083100000|  0%| F|  |TAMS 0x0000000083000000| PB 0x0000000083000000| Untracked 
|   9|0x0000000083100000, 0x0000000083100000, 0x0000000083200000|  0%| F|  |TAMS 0x0000000083100000| PB 0x0000000083100000| Untracked 
|  10|0x0000000083200000, 0x0000000083200000, 0x0000000083300000|  0%| F|  |TAMS 0x0000000083200000| PB 0x0000000083200000| Untracked 
|  11|0x0000000083300000, 0x0000000083300000, 0x0000000083400000|  0%| F|  |TAMS 0x0000000083300000| PB 0x0000000083300000| Untracked 
|  12|0x0000000083400000, 0x0000000083400000, 0x0000000083500000|  0%| F|  |TAMS 0x0000000083400000| PB 0x0000000083400000| Untracked 
|  13|0x0000000083500000, 0x0000000083500000, 0x0000000083600000|  0%| F|  |TAMS 0x0000000083500000| PB 0x0000000083500000| Untracked 
|  14|0x0000000083600000, 0x0000000083600000, 0x0000000083700000|  0%| F|  |TAMS 0x0000000083600000| PB 0x0000000083600000| Untracked 
|  15|0x0000000083700000, 0x0000000083700000, 0x0000000083800000|  0%| F|  |TAMS 0x0000000083700000| PB 0x0000000083700000| Untracked 
|  16|0x0000000083800000, 0x0000000083800000, 0x0000000083900000|  0%| F|  |TAMS 0x0000000083800000| PB 0x0000000083800000| Untracked 
|  17|0x0000000083900000, 0x0000000083900000, 0x0000000083a00000|  0%| F|  |TAMS 0x0000000083900000| PB 0x0000000083900000| Untracked 
|  18|0x0000000083a00000, 0x0000000083a00000, 0x0000000083b00000|  0%| F|  |TAMS 0x0000000083a00000| PB 0x0000000083a00000| Untracked 
|  19|0x0000000083b00000, 0x0000000083b00000, 0x0000000083c00000|  0%| F|  |TAMS 0x0000000083b00000| PB 0x0000000083b00000| Untracked 
|  20|0x0000000083c00000, 0x0000000083c00000, 0x0000000083d00000|  0%| F|  |TAMS 0x0000000083c00000| PB 0x0000000083c00000| Untracked 
|  21|0x0000000083d00000, 0x0000000083d00000, 0x0000000083e00000|  0%| F|  |TAMS 0x0000000083d00000| PB 0x0000000083d00000| Untracked 
|  22|0x0000000083e00000, 0x0000000083e00000, 0x0000000083f00000|  0%| F|  |TAMS 0x0000000083e00000| PB 0x0000000083e00000| Untracked 
|  23|0x0000000083f00000, 0x0000000083f00000, 0x0000000084000000|  0%| F|  |TAMS 0x0000000083f00000| PB 0x0000000083f00000| Untracked 
|  24|0x0000000084000000, 0x0000000084000000, 0x0000000084100000|  0%| F|  |TAMS 0x0000000084000000| PB 0x0000000084000000| Untracked 
|  25|0x0000000084100000, 0x0000000084100000, 0x0000000084200000|  0%| F|  |TAMS 0x0000000084100000| PB 0x0000000084100000| Untracked 
|  26|0x0000000084200000, 0x0000000084200000, 0x0000000084300000|  0%| F|  |TAMS 0x0000000084200000| PB 0x0000000084200000| Untracked 
|  27|0x0000000084300000, 0x0000000084300000, 0x0000000084400000|  0%| F|  |TAMS 0x0000000084300000| PB 0x0000000084300000| Untracked 
|  28|0x0000000084400000, 0x0000000084400000, 0x0000000084500000|  0%| F|  |TAMS 0x0000000084400000| PB 0x0000000084400000| Untracked 
|  29|0x0000000084500000, 0x0000000084500000, 0x0000000084600000|  0%| F|  |TAMS 0x0000000084500000| PB 0x0000000084500000| Untracked 
|  30|0x0000000084600000, 0x0000000084600000, 0x0000000084700000|  0%| F|  |TAMS 0x0000000084600000| PB 0x0000000084600000| Untracked 
|  31|0x0000000084700000, 0x0000000084700000, 0x0000000084800000|  0%| F|  |TAMS 0x0000000084700000| PB 0x0000000084700000| Untracked 
|  32|0x0000000084800000, 0x0000000084800000, 0x0000000084900000|  0%| F|  |TAMS 0x0000000084800000| PB 0x0000000084800000| Untracked 
|  33|0x0000000084900000, 0x0000000084900000, 0x0000000084a00000|  0%| F|  |TAMS 0x0000000084900000| PB 0x0000000084900000| Untracked 
|  34|0x0000000084a00000, 0x0000000084a00000, 0x0000000084b00000|  0%| F|  |TAMS 0x0000000084a00000| PB 0x0000000084a00000| Untracked 
|  35|0x0000000084b00000, 0x0000000084b00000, 0x0000000084c00000|  0%| F|  |TAMS 0x0000000084b00000| PB 0x0000000084b00000| Untracked 
|  36|0x0000000084c00000, 0x0000000084c00000, 0x0000000084d00000|  0%| F|  |TAMS 0x0000000084c00000| PB 0x0000000084c00000| Untracked 
|  37|0x0000000084d00000, 0x0000000084d00000, 0x0000000084e00000|  0%| F|  |TAMS 0x0000000084d00000| PB 0x0000000084d00000| Untracked 
|  38|0x0000000084e00000, 0x0000000084e00000, 0x0000000084f00000|  0%| F|  |TAMS 0x0000000084e00000| PB 0x0000000084e00000| Untracked 
|  39|0x0000000084f00000, 0x0000000084f00000, 0x0000000085000000|  0%| F|  |TAMS 0x0000000084f00000| PB 0x0000000084f00000| Untracked 
|  40|0x0000000085000000, 0x0000000085000000, 0x0000000085100000|  0%| F|  |TAMS 0x0000000085000000| PB 0x0000000085000000| Untracked 
|  41|0x0000000085100000, 0x0000000085100000, 0x0000000085200000|  0%| F|  |TAMS 0x0000000085100000| PB 0x0000000085100000| Untracked 
|  42|0x0000000085200000, 0x0000000085200000, 0x0000000085300000|  0%| F|  |TAMS 0x0000000085200000| PB 0x0000000085200000| Untracked 
|  43|0x0000000085300000, 0x0000000085300000, 0x0000000085400000|  0%| F|  |TAMS 0x0000000085300000| PB 0x0000000085300000| Untracked 
|  44|0x0000000085400000, 0x0000000085400000, 0x0000000085500000|  0%| F|  |TAMS 0x0000000085400000| PB 0x0000000085400000| Untracked 
|  45|0x0000000085500000, 0x0000000085500000, 0x0000000085600000|  0%| F|  |TAMS 0x0000000085500000| PB 0x0000000085500000| Untracked 
|  46|0x0000000085600000, 0x0000000085600000, 0x0000000085700000|  0%| F|  |TAMS 0x0000000085600000| PB 0x0000000085600000| Untracked 
|  47|0x0000000085700000, 0x0000000085700000, 0x0000000085800000|  0%| F|  |TAMS 0x0000000085700000| PB 0x0000000085700000| Untracked 
|  48|0x0000000085800000, 0x0000000085800000, 0x0000000085900000|  0%| F|  |TAMS 0x0000000085800000| PB 0x0000000085800000| Untracked 
|  49|0x0000000085900000, 0x0000000085900000, 0x0000000085a00000|  0%| F|  |TAMS 0x0000000085900000| PB 0x0000000085900000| Untracked 
|  50|0x0000000085a00000, 0x0000000085a00000, 0x0000000085b00000|  0%| F|  |TAMS 0x0000000085a00000| PB 0x0000000085a00000| Untracked 
|  51|0x0000000085b00000, 0x0000000085b00000, 0x0000000085c00000|  0%| F|  |TAMS 0x0000000085b00000| PB 0x0000000085b00000| Untracked 
|  52|0x0000000085c00000, 0x0000000085c00000, 0x0000000085d00000|  0%| F|  |TAMS 0x0000000085c00000| PB 0x0000000085c00000| Untracked 
|  53|0x0000000085d00000, 0x0000000085d00000, 0x0000000085e00000|  0%| F|  |TAMS 0x0000000085d00000| PB 0x0000000085d00000| Untracked 
|  54|0x0000000085e00000, 0x0000000085e00000, 0x0000000085f00000|  0%| F|  |TAMS 0x0000000085e00000| PB 0x0000000085e00000| Untracked 
|  55|0x0000000085f00000, 0x0000000085f00000, 0x0000000086000000|  0%| F|  |TAMS 0x0000000085f00000| PB 0x0000000085f00000| Untracked 
|  56|0x0000000086000000, 0x0000000086000000, 0x0000000086100000|  0%| F|  |TAMS 0x0000000086000000| PB 0x0000000086000000| Untracked 
|  57|0x0000000086100000, 0x0000000086100000, 0x0000000086200000|  0%| F|  |TAMS 0x0000000086100000| PB 0x0000000086100000| Untracked 
|  58|0x0000000086200000, 0x0000000086200000, 0x0000000086300000|  0%| F|  |TAMS 0x0000000086200000| PB 0x0000000086200000| Untracked 
|  59|0x0000000086300000, 0x0000000086300000, 0x0000000086400000|  0%| F|  |TAMS 0x0000000086300000| PB 0x0000000086300000| Untracked 
|  60|0x0000000086400000, 0x0000000086400000, 0x0000000086500000|  0%| F|  |TAMS 0x0000000086400000| PB 0x0000000086400000| Untracked 
|  61|0x0000000086500000, 0x0000000086500000, 0x0000000086600000|  0%| F|  |TAMS 0x0000000086500000| PB 0x0000000086500000| Untracked 
|  62|0x0000000086600000, 0x0000000086600000, 0x0000000086700000|  0%| F|  |TAMS 0x0000000086600000| PB 0x0000000086600000| Untracked 
|  63|0x0000000086700000, 0x0000000086700000, 0x0000000086800000|  0%| F|  |TAMS 0x0000000086700000| PB 0x0000000086700000| Untracked 
|  64|0x0000000086800000, 0x0000000086800000, 0x0000000086900000|  0%| F|  |TAMS 0x0000000086800000| PB 0x0000000086800000| Untracked 
|  65|0x0000000086900000, 0x0000000086900000, 0x0000000086a00000|  0%| F|  |TAMS 0x0000000086900000| PB 0x0000000086900000| Untracked 
|  66|0x0000000086a00000, 0x0000000086a00000, 0x0000000086b00000|  0%| F|  |TAMS 0x0000000086a00000| PB 0x0000000086a00000| Untracked 
|  67|0x0000000086b00000, 0x0000000086b00000, 0x0000000086c00000|  0%| F|  |TAMS 0x0000000086b00000| PB 0x0000000086b00000| Untracked 
|  68|0x0000000086c00000, 0x0000000086c00000, 0x0000000086d00000|  0%| F|  |TAMS 0x0000000086c00000| PB 0x0000000086c00000| Untracked 
|  69|0x0000000086d00000, 0x0000000086d00000, 0x0000000086e00000|  0%| F|  |TAMS 0x0000000086d00000| PB 0x0000000086d00000| Untracked 
|  70|0x0000000086e00000, 0x0000000086e00000, 0x0000000086f00000|  0%| F|  |TAMS 0x0000000086e00000| PB 0x0000000086e00000| Untracked 
|  71|0x0000000086f00000, 0x0000000086f00000, 0x0000000087000000|  0%| F|  |TAMS 0x0000000086f00000| PB 0x0000000086f00000| Untracked 
|  72|0x0000000087000000, 0x0000000087000000, 0x0000000087100000|  0%| F|  |TAMS 0x0000000087000000| PB 0x0000000087000000| Untracked 
|  73|0x0000000087100000, 0x0000000087100000, 0x0000000087200000|  0%| F|  |TAMS 0x0000000087100000| PB 0x0000000087100000| Untracked 
|  74|0x0000000087200000, 0x0000000087200000, 0x0000000087300000|  0%| F|  |TAMS 0x0000000087200000| PB 0x0000000087200000| Untracked 
|  75|0x0000000087300000, 0x0000000087300000, 0x0000000087400000|  0%| F|  |TAMS 0x0000000087300000| PB 0x0000000087300000| Untracked 
|  76|0x0000000087400000, 0x0000000087400000, 0x0000000087500000|  0%| F|  |TAMS 0x0000000087400000| PB 0x0000000087400000| Untracked 
|  77|0x0000000087500000, 0x0000000087500000, 0x0000000087600000|  0%| F|  |TAMS 0x0000000087500000| PB 0x0000000087500000| Untracked 
|  78|0x0000000087600000, 0x0000000087600000, 0x0000000087700000|  0%| F|  |TAMS 0x0000000087600000| PB 0x0000000087600000| Untracked 
|  79|0x0000000087700000, 0x0000000087700000, 0x0000000087800000|  0%| F|  |TAMS 0x0000000087700000| PB 0x0000000087700000| Untracked 
|  80|0x0000000087800000, 0x0000000087800000, 0x0000000087900000|  0%| F|  |TAMS 0x0000000087800000| PB 0x0000000087800000| Untracked 
|  81|0x0000000087900000, 0x0000000087900000, 0x0000000087a00000|  0%| F|  |TAMS 0x0000000087900000| PB 0x0000000087900000| Untracked 
|  82|0x0000000087a00000, 0x0000000087a00000, 0x0000000087b00000|  0%| F|  |TAMS 0x0000000087a00000| PB 0x0000000087a00000| Untracked 
|  83|0x0000000087b00000, 0x0000000087b00000, 0x0000000087c00000|  0%| F|  |TAMS 0x0000000087b00000| PB 0x0000000087b00000| Untracked 
|  84|0x0000000087c00000, 0x0000000087c00000, 0x0000000087d00000|  0%| F|  |TAMS 0x0000000087c00000| PB 0x0000000087c00000| Untracked 
|  85|0x0000000087d00000, 0x0000000087d00000, 0x0000000087e00000|  0%| F|  |TAMS 0x0000000087d00000| PB 0x0000000087d00000| Untracked 
|  86|0x0000000087e00000, 0x0000000087e00000, 0x0000000087f00000|  0%| F|  |TAMS 0x0000000087e00000| PB 0x0000000087e00000| Untracked 
|  87|0x0000000087f00000, 0x0000000087f00000, 0x0000000088000000|  0%| F|  |TAMS 0x0000000087f00000| PB 0x0000000087f00000| Untracked 
|  88|0x0000000088000000, 0x0000000088000000, 0x0000000088100000|  0%| F|  |TAMS 0x0000000088000000| PB 0x0000000088000000| Untracked 
|  89|0x0000000088100000, 0x0000000088100000, 0x0000000088200000|  0%| F|  |TAMS 0x0000000088100000| PB 0x0000000088100000| Untracked 
|  90|0x0000000088200000, 0x0000000088200000, 0x0000000088300000|  0%| F|  |TAMS 0x0000000088200000| PB 0x0000000088200000| Untracked 
|  91|0x0000000088300000, 0x0000000088300000, 0x0000000088400000|  0%| F|  |TAMS 0x0000000088300000| PB 0x0000000088300000| Untracked 
|  92|0x0000000088400000, 0x0000000088400000, 0x0000000088500000|  0%| F|  |TAMS 0x0000000088400000| PB 0x0000000088400000| Untracked 
|  93|0x0000000088500000, 0x0000000088500000, 0x0000000088600000|  0%| F|  |TAMS 0x0000000088500000| PB 0x0000000088500000| Untracked 
|  94|0x0000000088600000, 0x0000000088600000, 0x0000000088700000|  0%| F|  |TAMS 0x0000000088600000| PB 0x0000000088600000| Untracked 
|  95|0x0000000088700000, 0x0000000088700000, 0x0000000088800000|  0%| F|  |TAMS 0x0000000088700000| PB 0x0000000088700000| Untracked 
|  96|0x0000000088800000, 0x0000000088800000, 0x0000000088900000|  0%| F|  |TAMS 0x0000000088800000| PB 0x0000000088800000| Untracked 
|  97|0x0000000088900000, 0x0000000088900000, 0x0000000088a00000|  0%| F|  |TAMS 0x0000000088900000| PB 0x0000000088900000| Untracked 
|  98|0x0000000088a00000, 0x0000000088a00000, 0x0000000088b00000|  0%| F|  |TAMS 0x0000000088a00000| PB 0x0000000088a00000| Untracked 
|  99|0x0000000088b00000, 0x0000000088b00000, 0x0000000088c00000|  0%| F|  |TAMS 0x0000000088b00000| PB 0x0000000088b00000| Untracked 
| 100|0x0000000088c00000, 0x0000000088d00000, 0x0000000088d00000|100%| S|CS|TAMS 0x0000000088c00000| PB 0x0000000088c00000| Complete 
| 101|0x0000000088d00000, 0x0000000088e00000, 0x0000000088e00000|100%| S|CS|TAMS 0x0000000088d00000| PB 0x0000000088d00000| Complete 
| 102|0x0000000088e00000, 0x0000000088f00000, 0x0000000088f00000|100%| S|CS|TAMS 0x0000000088e00000| PB 0x0000000088e00000| Complete 
| 103|0x0000000088f00000, 0x0000000088f00000, 0x0000000089000000|  0%| F|  |TAMS 0x0000000088f00000| PB 0x0000000088f00000| Untracked 
| 104|0x0000000089000000, 0x0000000089000000, 0x0000000089100000|  0%| F|  |TAMS 0x0000000089000000| PB 0x0000000089000000| Untracked 
| 105|0x0000000089100000, 0x0000000089100000, 0x0000000089200000|  0%| F|  |TAMS 0x0000000089100000| PB 0x0000000089100000| Untracked 
| 106|0x0000000089200000, 0x0000000089200000, 0x0000000089300000|  0%| F|  |TAMS 0x0000000089200000| PB 0x0000000089200000| Untracked 
| 107|0x0000000089300000, 0x00000000893bf058, 0x0000000089400000| 74%| E|  |TAMS 0x0000000089300000| PB 0x0000000089300000| Complete 
| 108|0x0000000089400000, 0x0000000089500000, 0x0000000089500000|100%| E|CS|TAMS 0x0000000089400000| PB 0x0000000089400000| Complete 
| 109|0x0000000089500000, 0x0000000089600000, 0x0000000089600000|100%| E|CS|TAMS 0x0000000089500000| PB 0x0000000089500000| Complete 
| 110|0x0000000089600000, 0x0000000089700000, 0x0000000089700000|100%| E|CS|TAMS 0x0000000089600000| PB 0x0000000089600000| Complete 
| 111|0x0000000089700000, 0x0000000089800000, 0x0000000089800000|100%| E|CS|TAMS 0x0000000089700000| PB 0x0000000089700000| Complete 
| 112|0x0000000089800000, 0x0000000089900000, 0x0000000089900000|100%| E|CS|TAMS 0x0000000089800000| PB 0x0000000089800000| Complete 
| 113|0x0000000089900000, 0x0000000089a00000, 0x0000000089a00000|100%| E|CS|TAMS 0x0000000089900000| PB 0x0000000089900000| Complete 
| 114|0x0000000089a00000, 0x0000000089b00000, 0x0000000089b00000|100%| E|CS|TAMS 0x0000000089a00000| PB 0x0000000089a00000| Complete 
| 115|0x0000000089b00000, 0x0000000089c00000, 0x0000000089c00000|100%| E|CS|TAMS 0x0000000089b00000| PB 0x0000000089b00000| Complete 
| 116|0x0000000089c00000, 0x0000000089d00000, 0x0000000089d00000|100%| E|  |TAMS 0x0000000089c00000| PB 0x0000000089c00000| Complete 
| 117|0x0000000089d00000, 0x0000000089e00000, 0x0000000089e00000|100%| E|CS|TAMS 0x0000000089d00000| PB 0x0000000089d00000| Complete 
| 118|0x0000000089e00000, 0x0000000089f00000, 0x0000000089f00000|100%| E|CS|TAMS 0x0000000089e00000| PB 0x0000000089e00000| Complete 
| 119|0x0000000089f00000, 0x000000008a000000, 0x000000008a000000|100%| E|CS|TAMS 0x0000000089f00000| PB 0x0000000089f00000| Complete 
| 120|0x000000008a000000, 0x000000008a100000, 0x000000008a100000|100%| E|CS|TAMS 0x000000008a000000| PB 0x000000008a000000| Complete 
| 121|0x000000008a100000, 0x000000008a200000, 0x000000008a200000|100%| E|CS|TAMS 0x000000008a100000| PB 0x000000008a100000| Complete 
| 122|0x000000008a200000, 0x000000008a300000, 0x000000008a300000|100%| E|CS|TAMS 0x000000008a200000| PB 0x000000008a200000| Complete 
| 123|0x000000008a300000, 0x000000008a400000, 0x000000008a400000|100%| E|CS|TAMS 0x000000008a300000| PB 0x000000008a300000| Complete 
| 124|0x000000008a400000, 0x000000008a500000, 0x000000008a500000|100%| E|CS|TAMS 0x000000008a400000| PB 0x000000008a400000| Complete 
| 125|0x000000008a500000, 0x000000008a600000, 0x000000008a600000|100%| E|CS|TAMS 0x000000008a500000| PB 0x000000008a500000| Complete 

Card table byte_map: [0x000001793e370000,0x000001793e760000] _byte_map_base: 0x000001793df5c000

Marking Bits: (CMBitMap*) 0x000001792685d670
 Bits: [0x000001793e760000, 0x00000179406c0000)

Polling page: 0x0000017925fc0000

Metaspace:

Usage:
  Non-class:      9.81 MB used.
      Class:      1.25 MB used.
       Both:     11.06 MB used.

Virtual space:
  Non-class space:       64.00 MB reserved,       9.88 MB ( 15%) committed,  1 nodes.
      Class space:        1.00 GB reserved,       1.38 MB ( <1%) committed,  1 nodes.
             Both:        1.06 GB reserved,      11.25 MB (  1%) committed. 

Chunk freelists:
   Non-Class:  5.73 MB
       Class:  14.55 MB
        Both:  20.28 MB

MaxMetaspaceSize: unlimited
CompressedClassSpaceSize: 1.00 GB
Initial GC threshold: 21.00 MB
Current GC threshold: 21.00 MB
CDS: on
 - commit_granule_bytes: 65536.
 - commit_granule_words: 8192.
 - virtual_space_node_default_size: 8388608.
 - enlarge_chunks_in_place: 1.
 - use_allocation_guard: 0.


Internal statistics:

num_allocs_failed_limit: 0.
num_arena_births: 124.
num_arena_deaths: 0.
num_vsnodes_births: 2.
num_vsnodes_deaths: 0.
num_space_committed: 180.
num_space_uncommitted: 0.
num_chunks_returned_to_freelist: 0.
num_chunks_taken_from_freelist: 440.
num_chunk_merges: 0.
num_chunk_splits: 309.
num_chunks_enlarged: 247.
num_inconsistent_stats: 0.

CodeHeap 'non-profiled nmethods': size=120000Kb used=582Kb max_used=582Kb free=119417Kb
 bounds [0x0000017936720000, 0x0000017936990000, 0x000001793dc50000]
CodeHeap 'profiled nmethods': size=120000Kb used=3045Kb max_used=3045Kb free=116955Kb
 bounds [0x000001792ec50000, 0x000001792ef50000, 0x0000017936180000]
CodeHeap 'non-nmethods': size=5760Kb used=1409Kb max_used=1431Kb free=4350Kb
 bounds [0x0000017936180000, 0x00000179363f0000, 0x0000017936720000]
 total_blobs=2127 nmethods=1621 adapters=411
 compilation: enabled
              stopped_count=0, restarted_count=0
 full_count=0

Compilation events (20 events):
Event: 2.780 Thread 0x000001794310ca60 nmethod 1612 0x000001792ef3ec90 code [0x000001792ef3ee60, 0x000001792ef3f330]
Event: 2.780 Thread 0x000001794310ca60 1613       3       java.lang.invoke.MethodHandles$Lookup::findBoundCallerLookup (30 bytes)
Event: 2.780 Thread 0x000001794310ca60 nmethod 1613 0x000001792ef3f490 code [0x000001792ef3f6a0, 0x000001792ef3fd18]
Event: 2.783 Thread 0x000001794310ca60 1614       3       jdk.internal.org.objectweb.asm.ClassWriter::visit (160 bytes)
Event: 2.784 Thread 0x000001794310ca60 nmethod 1614 0x00000179367af710 code [0x00000179367af940, 0x00000179367b0158]
Event: 2.784 Thread 0x000001794310ca60 1616       3       jdk.internal.org.objectweb.asm.ClassWriter::toByteArray (1517 bytes)
Event: 2.796 Thread 0x000001794310ca60 nmethod 1616 0x000001792ef3ff90 code [0x000001792ef40900, 0x000001792ef44698]
Event: 2.797 Thread 0x00000179430feba0 nmethod 1602 0x00000179367b0590 code [0x00000179367b07c0, 0x00000179367b12e8]
Event: 2.797 Thread 0x000001794310ca60 1615       3       jdk.internal.org.objectweb.asm.SymbolTable::setMajorVersionAndClassName (19 bytes)
Event: 2.797 Thread 0x000001794310ca60 nmethod 1615 0x000001792ef46690 code [0x000001792ef46840, 0x000001792ef46a50]
Event: 2.797 Thread 0x000001794310ca60 1617       3       java.lang.invoke.DirectMethodHandle$Constructor::viewAsType (49 bytes)
Event: 2.798 Thread 0x000001794310ca60 nmethod 1617 0x000001792ef46b90 code [0x000001792ef46d40, 0x000001792ef46f18]
Event: 2.800 Thread 0x000001794310ca60 1618       3       java.lang.ClassLoader::definePackage (85 bytes)
Event: 2.802 Thread 0x000001794310ca60 nmethod 1618 0x000001792ef47010 code [0x000001792ef472e0, 0x000001792ef48270]
Event: 2.807 Thread 0x000001794310ca60 1619       3       java.util.Properties::getProperty (50 bytes)
Event: 2.808 Thread 0x000001794310ca60 nmethod 1619 0x000001792ef48710 code [0x000001792ef488e0, 0x000001792ef48e48]
Event: 2.816 Thread 0x000001794310ca60 1620       3       java.lang.Math::addExact (32 bytes)
Event: 2.817 Thread 0x000001794310ca60 nmethod 1620 0x000001792ef48f90 code [0x000001792ef49140, 0x000001792ef49348]
Event: 2.828 Thread 0x000001794310ca60 1621       1       java.lang.invoke.MethodHandle::internalForm (5 bytes)
Event: 2.829 Thread 0x000001794310ca60 nmethod 1621 0x00000179367b1890 code [0x00000179367b1a20, 0x00000179367b1ae8]

GC Heap History (2 events):
Event: 1.819 GC heap before
{Heap before GC invocations=0 (full 0):
 garbage-first heap   total 129024K, used 22528K [0x0000000082800000, 0x0000000100000000)
  region size 1024K, 23 young (23552K), 0 survivors (0K)
 Metaspace       used 6105K, committed 6336K, reserved 1114112K
  class space    used 654K, committed 768K, reserved 1048576K
}
Event: 1.844 GC heap after
{Heap after GC invocations=1 (full 0):
 garbage-first heap   total 129024K, used 7935K [0x0000000082800000, 0x0000000100000000)
  region size 1024K, 3 young (3072K), 3 survivors (3072K)
 Metaspace       used 6105K, committed 6336K, reserved 1114112K
  class space    used 654K, committed 768K, reserved 1048576K
}

Dll operation events (11 events):
Event: 0.020 Loaded shared library C:\Users\dinai\.jdks\openjdk-21.0.2\bin\java.dll
Event: 0.083 Loaded shared library C:\Users\dinai\.jdks\openjdk-21.0.2\bin\jsvml.dll
Event: 0.269 Loaded shared library C:\Users\dinai\.jdks\openjdk-21.0.2\bin\zip.dll
Event: 0.276 Loaded shared library C:\Users\dinai\.jdks\openjdk-21.0.2\bin\instrument.dll
Event: 0.285 Loaded shared library C:\Users\dinai\.jdks\openjdk-21.0.2\bin\net.dll
Event: 0.289 Loaded shared library C:\Users\dinai\.jdks\openjdk-21.0.2\bin\nio.dll
Event: 0.297 Loaded shared library C:\Users\dinai\.jdks\openjdk-21.0.2\bin\zip.dll
Event: 0.319 Loaded shared library C:\Program Files\JetBrains\IntelliJ IDEA 2023.3.5\bin\breakgen64.dll
Event: 0.340 Loaded shared library C:\Users\dinai\.jdks\openjdk-21.0.2\bin\extnet.dll
Event: 0.367 Loaded shared library C:\Users\dinai\.jdks\openjdk-21.0.2\bin\verify.dll
Event: 0.735 Loaded shared library C:\Users\dinai\.jdks\openjdk-21.0.2\bin\jimage.dll

Deoptimization events (20 events):
Event: 2.399 Thread 0x0000017924730dc0 Uncommon trap: trap_request=0xffffff45 fr.pc=0x0000017936773ec4 relative=0x0000000000000084
Event: 2.399 Thread 0x0000017924730dc0 Uncommon trap: reason=unstable_if action=reinterpret pc=0x0000017936773ec4 method=sun.net.www.ParseUtil.firstEncodeIndex(Ljava/lang/String;)I @ 51 c2
Event: 2.399 Thread 0x0000017924730dc0 DEOPT PACKING pc=0x0000017936773ec4 sp=0x0000005664efd820
Event: 2.399 Thread 0x0000017924730dc0 DEOPT UNPACKING pc=0x00000179361d46a2 sp=0x0000005664efd7a8 mode 2
Event: 2.417 Thread 0x0000017924730dc0 Uncommon trap: trap_request=0xffffffde fr.pc=0x0000017936775af0 relative=0x0000000000000310
Event: 2.417 Thread 0x0000017924730dc0 Uncommon trap: reason=class_check action=maybe_recompile pc=0x0000017936775af0 method=java.util.HashMap.getNode(Ljava/lang/Object;)Ljava/util/HashMap$Node; @ 128 c2
Event: 2.417 Thread 0x0000017924730dc0 DEOPT PACKING pc=0x0000017936775af0 sp=0x0000005664efe590
Event: 2.417 Thread 0x0000017924730dc0 DEOPT UNPACKING pc=0x00000179361d46a2 sp=0x0000005664efe4f8 mode 2
Event: 2.482 Thread 0x0000017924730dc0 Uncommon trap: trap_request=0xffffff45 fr.pc=0x0000017936793264 relative=0x0000000000001464
Event: 2.482 Thread 0x0000017924730dc0 Uncommon trap: reason=unstable_if action=reinterpret pc=0x0000017936793264 method=jdk.internal.loader.URLClassPath.getResource(Ljava/lang/String;Z)Ljdk/internal/loader/Resource; @ 47 c2
Event: 2.482 Thread 0x0000017924730dc0 DEOPT PACKING pc=0x0000017936793264 sp=0x0000005664efe4a0
Event: 2.482 Thread 0x0000017924730dc0 DEOPT UNPACKING pc=0x00000179361d46a2 sp=0x0000005664efe490 mode 2
Event: 2.499 Thread 0x0000017924730dc0 Uncommon trap: trap_request=0xffffff6e fr.pc=0x0000017936770bc0 relative=0x0000000000000480
Event: 2.499 Thread 0x0000017924730dc0 Uncommon trap: reason=loop_limit_check action=maybe_recompile pc=0x0000017936770bc0 method=java.lang.StringLatin1.indexOf([BI[BII)I @ 37 c2
Event: 2.499 Thread 0x0000017924730dc0 DEOPT PACKING pc=0x0000017936770bc0 sp=0x0000005664efe6b0
Event: 2.499 Thread 0x0000017924730dc0 DEOPT UNPACKING pc=0x00000179361d46a2 sp=0x0000005664efe610 mode 2
Event: 2.499 Thread 0x0000017924730dc0 Uncommon trap: trap_request=0xffffff45 fr.pc=0x00000179367518e4 relative=0x0000000000000324
Event: 2.499 Thread 0x0000017924730dc0 Uncommon trap: reason=unstable_if action=reinterpret pc=0x00000179367518e4 method=java.lang.StringLatin1.indexOf([BI[BII)I @ 91 c2
Event: 2.499 Thread 0x0000017924730dc0 DEOPT PACKING pc=0x00000179367518e4 sp=0x0000005664efe760
Event: 2.499 Thread 0x0000017924730dc0 DEOPT UNPACKING pc=0x00000179361d46a2 sp=0x0000005664efe6e0 mode 2

Classes loaded (20 events):
Event: 2.610 Loading class sun/reflect/generics/tree/MethodTypeSignature
Event: 2.610 Loading class sun/reflect/generics/tree/MethodTypeSignature done
Event: 2.610 Loading class sun/reflect/generics/reflectiveObjects/ParameterizedTypeImpl
Event: 2.610 Loading class java/lang/reflect/ParameterizedType
Event: 2.610 Loading class java/lang/reflect/ParameterizedType done
Event: 2.611 Loading class sun/reflect/generics/reflectiveObjects/ParameterizedTypeImpl done
Event: 2.611 Loading class sun/reflect/generics/reflectiveObjects/TypeVariableImpl
Event: 2.611 Loading class sun/reflect/generics/reflectiveObjects/LazyReflectiveObjectGenerator
Event: 2.611 Loading class sun/reflect/generics/reflectiveObjects/LazyReflectiveObjectGenerator done
Event: 2.611 Loading class sun/reflect/generics/reflectiveObjects/TypeVariableImpl done
Event: 2.612 Loading class sun/reflect/generics/tree/TypeVariableSignature
Event: 2.612 Loading class sun/reflect/generics/tree/TypeVariableSignature done
Event: 2.615 Loading class jdk/internal/ValueBased
Event: 2.615 Loading class jdk/internal/ValueBased done
Event: 2.672 Loading class sun/reflect/generics/scope/ConstructorScope
Event: 2.672 Loading class sun/reflect/generics/scope/ConstructorScope done
Event: 2.672 Loading class sun/reflect/generics/tree/VoidDescriptor
Event: 2.672 Loading class sun/reflect/generics/tree/VoidDescriptor done
Event: 2.789 Loading class java/util/AbstractMap$SimpleEntry
Event: 2.789 Loading class java/util/AbstractMap$SimpleEntry done

Classes unloaded (0 events):
No events

Classes redefined (0 events):
No events

Internal exceptions (20 events):
Event: 0.939 Thread 0x0000017924730dc0 Exception <a 'java/lang/NoSuchMethodError'{0x0000000089980eb8}: 'java.lang.Object java.lang.invoke.DirectMethodHandle$Holder.invokeSpecialIFC(java.lang.Object, java.lang.Object, java.lang.Object, java.lang.Object, java.lang.Object)'> (0x0000000089980eb8) 
thrown [s\open\src\hotspot\share\interpreter\linkResolver.cpp, line 773]
Event: 1.227 Thread 0x0000017924730dc0 Exception <a 'java/lang/NoSuchMethodError'{0x00000000896cecb8}: 'java.lang.Object java.lang.invoke.DirectMethodHandle$Holder.invokeStaticInit(java.lang.Object, int, int, int, int)'> (0x00000000896cecb8) 
thrown [s\open\src\hotspot\share\interpreter\linkResolver.cpp, line 773]
Event: 1.271 Thread 0x0000017924730dc0 Exception <a 'java/lang/NoSuchMethodError'{0x000000008950de88}: 'java.lang.Object java.lang.invoke.DirectMethodHandle$Holder.invokeStaticInit(java.lang.Object, java.lang.Object, int, int, int, int)'> (0x000000008950de88) 
thrown [s\open\src\hotspot\share\interpreter\linkResolver.cpp, line 773]
Event: 1.339 Thread 0x0000017924730dc0 Exception <a 'java/lang/NoSuchMethodError'{0x000000008955cee0}: 'void java.lang.invoke.DirectMethodHandle$Holder.invokeSpecial(java.lang.Object, java.lang.Object, java.lang.Object)'> (0x000000008955cee0) 
thrown [s\open\src\hotspot\share\interpreter\linkResolver.cpp, line 773]
Event: 1.410 Thread 0x0000017924730dc0 Exception <a 'java/lang/NoSuchMethodError'{0x00000000895b00d0}: 'int java.lang.invoke.DirectMethodHandle$Holder.invokeSpecial(java.lang.Object, java.lang.Object, java.lang.Object)'> (0x00000000895b00d0) 
thrown [s\open\src\hotspot\share\interpreter\linkResolver.cpp, line 773]
Event: 1.531 Thread 0x0000017924730dc0 Exception <a 'sun/nio/fs/WindowsException'{0x0000000089437bf8}> (0x0000000089437bf8) 
thrown [s\open\src\hotspot\share\prims\jni.cpp, line 520]
Event: 2.159 Thread 0x0000017924730dc0 Exception <a 'java/lang/NoSuchMethodError'{0x0000000089dadfc8}: 'void java.lang.invoke.DirectMethodHandle$Holder.invokeVirtual(java.lang.Object, java.lang.Object, java.lang.Object, java.lang.Object)'> (0x0000000089dadfc8) 
thrown [s\open\src\hotspot\share\interpreter\linkResolver.cpp, line 773]
Event: 2.166 Thread 0x0000017924730dc0 Exception <a 'sun/nio/fs/WindowsException'{0x0000000089dc9fc8}> (0x0000000089dc9fc8) 
thrown [s\open\src\hotspot\share\prims\jni.cpp, line 520]
Event: 2.170 Thread 0x0000017924730dc0 Exception <a 'sun/nio/fs/WindowsException'{0x0000000089dd8740}> (0x0000000089dd8740) 
thrown [s\open\src\hotspot\share\prims\jni.cpp, line 520]
Event: 2.178 Thread 0x0000017924730dc0 Exception <a 'sun/nio/fs/WindowsException'{0x0000000089dfc760}> (0x0000000089dfc760) 
thrown [s\open\src\hotspot\share\prims\jni.cpp, line 520]
Event: 2.339 Thread 0x0000017924730dc0 Exception <a 'java/lang/NoSuchMethodError'{0x00000000898452c0}: 'java.lang.Object java.lang.invoke.DirectMethodHandle$Holder.invokeStaticInit(java.lang.Object, java.lang.Object, java.lang.Object)'> (0x00000000898452c0) 
thrown [s\open\src\hotspot\share\interpreter\linkResolver.cpp, line 773]
Event: 2.343 Thread 0x0000017924730dc0 Exception <a 'java/lang/NoSuchMethodError'{0x000000008984f180}: 'void java.lang.invoke.DirectMethodHandle$Holder.invokeStaticInit(java.lang.Object, java.lang.Object, java.lang.Object)'> (0x000000008984f180) 
thrown [s\open\src\hotspot\share\interpreter\linkResolver.cpp, line 773]
Event: 2.362 Thread 0x0000017924730dc0 Exception <a 'java/lang/NoSuchMethodError'{0x000000008986f130}: 'java.lang.ClassLoader java.lang.Class.getClassLoader(java.lang.Class)'> (0x000000008986f130) 
thrown [s\open\src\hotspot\share\interpreter\linkResolver.cpp, line 773]
Event: 2.364 Thread 0x0000017924730dc0 Exception <a 'java/lang/NoSuchMethodError'{0x00000000898737b0}: 'java.lang.Object java.lang.invoke.DirectMethodHandle$Holder.invokeStatic(java.lang.Object, java.lang.Object, int)'> (0x00000000898737b0) 
thrown [s\open\src\hotspot\share\interpreter\linkResolver.cpp, line 773]
Event: 2.369 Thread 0x0000017924730dc0 Exception <a 'java/lang/NoSuchMethodError'{0x000000008987ec00}: 'void java.lang.invoke.DelegatingMethodHandle$Holder.delegate(java.lang.Object, java.lang.Object, int, java.lang.Object)'> (0x000000008987ec00) 
thrown [s\open\src\hotspot\share\interpreter\linkResolver.cpp, line 773]
Event: 2.406 Thread 0x0000017924730dc0 Exception <a 'java/lang/NoSuchMethodError'{0x00000000898deb38}: 'int java.lang.invoke.DirectMethodHandle$Holder.invokeSpecialIFC(java.lang.Object, java.lang.Object, java.lang.Object, java.lang.Object)'> (0x00000000898deb38) 
thrown [s\open\src\hotspot\share\interpreter\linkResolver.cpp, line 773]
Event: 2.446 Thread 0x0000017924730dc0 Exception <a 'java/lang/NoSuchMethodError'{0x0000000089750470}: 'long java.lang.invoke.DirectMethodHandle$Holder.invokeSpecial(java.lang.Object, java.lang.Object)'> (0x0000000089750470) 
thrown [s\open\src\hotspot\share\interpreter\linkResolver.cpp, line 773]
Event: 2.449 Thread 0x0000017924730dc0 Exception <a 'java/lang/NoSuchMethodError'{0x00000000897539a0}: 'long java.lang.invoke.Invokers$Holder.invokeExact_MT(java.lang.Object, java.lang.Object)'> (0x00000000897539a0) 
thrown [s\open\src\hotspot\share\interpreter\linkResolver.cpp, line 773]
Event: 2.478 Thread 0x0000017924730dc0 Exception <a 'java/lang/NoSuchMethodError'{0x00000000897a8498}: 'void java.lang.invoke.DirectMethodHandle$Holder.invokeVirtual(java.lang.Object, java.lang.Object)'> (0x00000000897a8498) 
thrown [s\open\src\hotspot\share\interpreter\linkResolver.cpp, line 773]
Event: 2.521 Thread 0x0000017924730dc0 Exception <a 'java/lang/NoSuchMethodError'{0x0000000089641420}: 'void java.lang.invoke.DirectMethodHandle$Holder.invokeSpecial(java.lang.Object, java.lang.Object, java.lang.Object, java.lang.Object, java.lang.Object)'> (0x0000000089641420) 
thrown [s\open\src\hotspot\share\interpreter\linkResolver.cpp, line 773]

ZGC Phase Switch (0 events):
No events

VM Operations (20 events):
Event: 0.862 Executing VM operation: HandshakeAllThreads (Deoptimize)
Event: 0.862 Executing VM operation: HandshakeAllThreads (Deoptimize) done
Event: 0.954 Executing VM operation: HandshakeAllThreads (Deoptimize)
Event: 0.954 Executing VM operation: HandshakeAllThreads (Deoptimize) done
Event: 1.144 Executing VM operation: HandshakeAllThreads (Deoptimize)
Event: 1.144 Executing VM operation: HandshakeAllThreads (Deoptimize) done
Event: 1.144 Executing VM operation: Cleanup
Event: 1.144 Executing VM operation: Cleanup done
Event: 1.486 Executing VM operation: HandshakeAllThreads (Deoptimize)
Event: 1.486 Executing VM operation: HandshakeAllThreads (Deoptimize) done
Event: 1.819 Executing VM operation: G1CollectForAllocation (G1 Evacuation Pause)
Event: 1.844 Executing VM operation: G1CollectForAllocation (G1 Evacuation Pause) done
Event: 2.189 Executing VM operation: HandshakeAllThreads (Deoptimize)
Event: 2.189 Executing VM operation: HandshakeAllThreads (Deoptimize) done
Event: 2.363 Executing VM operation: HandshakeAllThreads (Deoptimize)
Event: 2.363 Executing VM operation: HandshakeAllThreads (Deoptimize) done
Event: 2.497 Executing VM operation: HandshakeAllThreads (Deoptimize)
Event: 2.497 Executing VM operation: HandshakeAllThreads (Deoptimize) done
Event: 2.561 Executing VM operation: HandshakeAllThreads (Deoptimize)
Event: 2.561 Executing VM operation: HandshakeAllThreads (Deoptimize) done

Events (16 events):
Event: 0.044 Thread 0x0000017924730dc0 Thread added: 0x0000017924730dc0
Event: 0.078 Thread 0x00000179430e9090 Thread added: 0x00000179430e9090
Event: 0.079 Thread 0x00000179430ecf80 Thread added: 0x00000179430ecf80
Event: 0.079 Thread 0x00000179430ef5d0 Thread added: 0x00000179430ef5d0
Event: 0.079 Thread 0x00000179430f2800 Thread added: 0x00000179430f2800
Event: 0.079 Thread 0x00000179430f3260 Thread added: 0x00000179430f3260
Event: 0.080 Thread 0x00000179430fdce0 Thread added: 0x00000179430fdce0
Event: 0.080 Thread 0x00000179430feba0 Thread added: 0x00000179430feba0
Event: 0.081 Thread 0x000001794310ca60 Thread added: 0x000001794310ca60
Event: 0.231 Thread 0x00000179430b5b40 Thread added: 0x00000179430b5b40
Event: 0.320 Thread 0x0000017943443a90 Thread added: 0x0000017943443a90
Event: 0.320 Thread 0x0000017943444100 Thread added: 0x0000017943444100
Event: 0.399 Thread 0x0000017943435230 Thread added: 0x0000017943435230
Event: 0.573 Thread 0x0000017943435230 Thread exited: 0x0000017943435230
Event: 1.083 Thread 0x0000017943c07250 Thread added: 0x0000017943c07250
Event: 2.613 Thread 0x0000017943c07250 Thread exited: 0x0000017943c07250


Dynamic libraries:
0x00007ff77a040000 - 0x00007ff77a04e000 	C:\Users\dinai\.jdks\openjdk-21.0.2\bin\java.exe
0x00007ffbfd9d0000 - 0x00007ffbfdbe6000 	C:\WINDOWS\SYSTEM32\ntdll.dll
0x00007ffbfcc90000 - 0x00007ffbfcd54000 	C:\WINDOWS\System32\KERNEL32.DLL
0x00007ffbfae00000 - 0x00007ffbfb1a7000 	C:\WINDOWS\System32\KERNELBASE.dll
0x00007ffbfb350000 - 0x00007ffbfb461000 	C:\WINDOWS\System32\ucrtbase.dll
0x00007ffbded20000 - 0x00007ffbded38000 	C:\Users\dinai\.jdks\openjdk-21.0.2\bin\jli.dll
0x00007ffbdc9f0000 - 0x00007ffbdca0b000 	C:\Users\dinai\.jdks\openjdk-21.0.2\bin\VCRUNTIME140.dll
0x00007ffbfb800000 - 0x00007ffbfb9ae000 	C:\WINDOWS\System32\USER32.dll
0x00007ffbfb4f0000 - 0x00007ffbfb516000 	C:\WINDOWS\System32\win32u.dll
0x00007ffbe3560000 - 0x00007ffbe37f3000 	C:\WINDOWS\WinSxS\amd64_microsoft.windows.common-controls_6595b64144ccf1df_6.0.22621.3235_none_270f74e173860f98\COMCTL32.dll
0x00007ffbfba20000 - 0x00007ffbfba49000 	C:\WINDOWS\System32\GDI32.dll
0x00007ffbfcb30000 - 0x00007ffbfcbd7000 	C:\WINDOWS\System32\msvcrt.dll
0x00007ffbfb5e0000 - 0x00007ffbfb6f9000 	C:\WINDOWS\System32\gdi32full.dll
0x00007ffbfad60000 - 0x00007ffbfadfa000 	C:\WINDOWS\System32\msvcp_win.dll
0x00007ffbfb7c0000 - 0x00007ffbfb7f1000 	C:\WINDOWS\System32\IMM32.DLL
0x00007ffbf31e0000 - 0x00007ffbf31ec000 	C:\Users\dinai\.jdks\openjdk-21.0.2\bin\vcruntime140_1.dll
0x00007ffbc9870000 - 0x00007ffbc98fe000 	C:\Users\dinai\.jdks\openjdk-21.0.2\bin\msvcp140.dll
0x00007ffbc8b50000 - 0x00007ffbc9867000 	C:\Users\dinai\.jdks\openjdk-21.0.2\bin\server\jvm.dll
0x00007ffbfb700000 - 0x00007ffbfb7b2000 	C:\WINDOWS\System32\ADVAPI32.dll
0x00007ffbfd450000 - 0x00007ffbfd4f8000 	C:\WINDOWS\System32\sechost.dll
0x00007ffbfb1b0000 - 0x00007ffbfb1d8000 	C:\WINDOWS\System32\bcrypt.dll
0x00007ffbfd260000 - 0x00007ffbfd375000 	C:\WINDOWS\System32\RPCRT4.dll
0x00007ffbfd380000 - 0x00007ffbfd3f1000 	C:\WINDOWS\System32\WS2_32.dll
0x00007ffbf2a20000 - 0x00007ffbf2a54000 	C:\WINDOWS\SYSTEM32\WINMM.dll
0x00007ffbfabc0000 - 0x00007ffbfac0d000 	C:\WINDOWS\SYSTEM32\POWRPROF.dll
0x00007ffbf1bf0000 - 0x00007ffbf1bfa000 	C:\WINDOWS\SYSTEM32\VERSION.dll
0x00007ffbfa9f0000 - 0x00007ffbfaa03000 	C:\WINDOWS\SYSTEM32\UMPDC.dll
0x00007ffbf9cf0000 - 0x00007ffbf9d08000 	C:\WINDOWS\SYSTEM32\kernel.appcore.dll
0x00007ffbea0c0000 - 0x00007ffbea0ca000 	C:\Users\dinai\.jdks\openjdk-21.0.2\bin\jimage.dll
0x00007ffbf85e0000 - 0x00007ffbf8813000 	C:\WINDOWS\SYSTEM32\DBGHELP.DLL
0x00007ffbfcec0000 - 0x00007ffbfd248000 	C:\WINDOWS\System32\combase.dll
0x00007ffbfcde0000 - 0x00007ffbfceb7000 	C:\WINDOWS\System32\OLEAUT32.dll
0x00007ffbd4060000 - 0x00007ffbd4092000 	C:\WINDOWS\SYSTEM32\dbgcore.DLL
0x00007ffbfb470000 - 0x00007ffbfb4e9000 	C:\WINDOWS\System32\bcryptPrimitives.dll
0x00007ffbf5b90000 - 0x00007ffbf5b9f000 	C:\Users\dinai\.jdks\openjdk-21.0.2\bin\instrument.dll
0x00007ffbdc7d0000 - 0x00007ffbdc7ef000 	C:\Users\dinai\.jdks\openjdk-21.0.2\bin\java.dll
0x00007ffbfbf40000 - 0x00007ffbfc79c000 	C:\WINDOWS\System32\SHELL32.dll
0x00007ffbf8c00000 - 0x00007ffbf94f9000 	C:\WINDOWS\SYSTEM32\windows.storage.dll
0x00007ffbf8ac0000 - 0x00007ffbf8bfe000 	C:\WINDOWS\SYSTEM32\wintypes.dll
0x00007ffbfd660000 - 0x00007ffbfd753000 	C:\WINDOWS\System32\SHCORE.dll
0x00007ffbfd770000 - 0x00007ffbfd7ce000 	C:\WINDOWS\System32\shlwapi.dll
0x00007ffbfac20000 - 0x00007ffbfac41000 	C:\WINDOWS\SYSTEM32\profapi.dll
0x00007ffbc8540000 - 0x00007ffbc8617000 	C:\Users\dinai\.jdks\openjdk-21.0.2\bin\jsvml.dll
0x00007ffbdc500000 - 0x00007ffbdc518000 	C:\Users\dinai\.jdks\openjdk-21.0.2\bin\zip.dll
0x00007ffbe7660000 - 0x00007ffbe7670000 	C:\Users\dinai\.jdks\openjdk-21.0.2\bin\net.dll
0x00007ffbf42c0000 - 0x00007ffbf43f6000 	C:\WINDOWS\SYSTEM32\WINHTTP.dll
0x00007ffbfa150000 - 0x00007ffbfa1b9000 	C:\WINDOWS\system32\mswsock.dll
0x00007ffbdc7b0000 - 0x00007ffbdc7c6000 	C:\Users\dinai\.jdks\openjdk-21.0.2\bin\nio.dll
0x00007ffbeb0d0000 - 0x00007ffbeb0ea000 	C:\Program Files\JetBrains\IntelliJ IDEA 2023.3.5\bin\breakgen64.dll
0x00007ffbe7570000 - 0x00007ffbe7579000 	C:\Users\dinai\.jdks\openjdk-21.0.2\bin\extnet.dll
0x00007ffbe73c0000 - 0x00007ffbe73d0000 	C:\Users\dinai\.jdks\openjdk-21.0.2\bin\verify.dll
0x00007ffbfa4a0000 - 0x00007ffbfa4bb000 	C:\WINDOWS\SYSTEM32\CRYPTSP.dll
0x00007ffbf9c50000 - 0x00007ffbf9c85000 	C:\WINDOWS\system32\rsaenh.dll
0x00007ffbfa1f0000 - 0x00007ffbfa218000 	C:\WINDOWS\SYSTEM32\USERENV.dll
0x00007ffbfa480000 - 0x00007ffbfa48c000 	C:\WINDOWS\SYSTEM32\CRYPTBASE.dll
0x00007ffbf9760000 - 0x00007ffbf978d000 	C:\WINDOWS\SYSTEM32\IPHLPAPI.DLL
0x00007ffbfd760000 - 0x00007ffbfd769000 	C:\WINDOWS\System32\NSI.dll

dbghelp: loaded successfully - version: 4.0.5 - missing functions: none
symbol engine: initialized successfully - sym options: 0x614 - pdb path: .;C:\Users\dinai\.jdks\openjdk-21.0.2\bin;C:\WINDOWS\SYSTEM32;C:\WINDOWS\WinSxS\amd64_microsoft.windows.common-controls_6595b64144ccf1df_6.0.22621.3235_none_270f74e173860f98;C:\Users\dinai\.jdks\openjdk-21.0.2\bin\server;C:\Program Files\JetBrains\IntelliJ IDEA 2023.3.5\bin

VM Arguments:
jvm_args: -ea -Duser.language=en -DnodeNamesHandler=org.jetbrains.plugins.cucumber.java.run.CucumberTestTreeNodeManager -Didea.test.cyclic.buffer.size=1048576 -javaagent:C:\Program Files\JetBrains\IntelliJ IDEA 2023.3.5\lib\idea_rt.jar=35511:C:\Program Files\JetBrains\IntelliJ IDEA 2023.3.5\bin -Dfile.encoding=UTF-8 -Dsun.stdout.encoding=UTF-8 -Dsun.stderr.encoding=UTF-8 
java_command: com.intellij.rt.junit.JUnitStarter -ideVersion5 -junit4 runners.Runner
java_class_path (initial): C:\Program Files\JetBrains\IntelliJ IDEA 2023.3.5\lib\idea_rt.jar;C:\Program Files\JetBrains\IntelliJ IDEA 2023.3.5\plugins\junit\lib\junit5-rt.jar;C:\Program Files\JetBrains\IntelliJ IDEA 2023.3.5\plugins\junit\lib\junit-rt.jar;C:\Users\dinai\IdeaProjects\ContactListUserE2E-master\target\test-classes;C:\Users\dinai\.m2\repository\io\cucumber\cucumber-java\7.16.0\cucumber-java-7.16.0.jar;C:\Users\dinai\.m2\repository\io\cucumber\cucumber-core\7.16.0\cucumber-core-7.16.0.jar;C:\Users\dinai\.m2\repository\io\cucumber\cucumber-gherkin\7.16.0\cucumber-gherkin-7.16.0.jar;C:\Users\dinai\.m2\repository\io\cucumber\cucumber-gherkin-messages\7.16.0\cucumber-gherkin-messages-7.16.0.jar;C:\Users\dinai\.m2\repository\io\cucumber\gherkin\28.0.0\gherkin-28.0.0.jar;C:\Users\dinai\.m2\repository\io\cucumber\messages\24.0.1\messages-24.0.1.jar;C:\Users\dinai\.m2\repository\io\cucumber\tag-expressions\6.1.0\tag-expressions-6.1.0.jar;C:\Users\dinai\.m2\repository\io\cucumber\cucumber-expressions\17.1.0\cucumber-expressions-17.1.0.jar;C:\Users\dinai\.m2\repository\io\cucumber\datatable\7.16.0\datatable-7.16.0.jar;C:\Users\dinai\.m2\repository\io\cucumber\cucumber-plugin\7.16.0\cucumber-plugin-7.16.0.jar;C:\Users\dinai\.m2\repository\io\cucumber\docstring\7.16.0\docstring-7.16.0.jar;C:\Users\dinai\.m2\repository\io\cucumber\html-formatter\21.3.0\html-formatter-21.3.0.jar;C:\Users\dinai\.m2\repository\io\cucumber\junit-xml-formatter\0.2.1\junit-xml-formatter-0.2.1.jar;C:\Users\dinai\.m2\repository\io\cucumber\ci-environment\10.0.1\ci-environment-10.0.1.jar;C:\Users\dinai\.m2\repository\org\apiguardian\apiguardian-api\1.1.2\apiguardian-api-1.1.2.jar;C:\Users\dinai\.m2\repository\io\cucumber\cucumber-junit\7.16.0\cucumber-junit-7.16.0.jar;C:\Users\dinai\.m2\repository\junit\junit\4.13.2\junit-4.13.2.jar;C:\Users\dinai\.m2\repository\org\hamcrest\hamcrest-core\1.3\hamcrest-core-1.3.jar;C:\Users\dinai\.m2\repository\io\rest-assured\rest-assured\5.3.0\rest-assured-5.3.0.jar;C:\Users\dinai\.m2\repository\org\apache\groovy\groovy\4.0.6\groovy-4.0.6.jar;C:\Users\dinai\.m2\repository\org\apache\groovy\groovy-xml\4.0.6\groovy-xml-4.0.6.jar;C:\Users\dinai\.m2\repository\org\apache\httpcomponents\httpclient\4.5.13\httpclient-4.5.13.jar;C:\Users\dinai\.m2\repository\org\apache\httpcomponents\httpcore\4.4.13\httpcore-4.4.13.jar;C:\Users\dinai\.m2\repository\commons-logging\commons-logging\1.2\commons-logging-1.2.jar;C:\Users\dinai\.m2\repository\commons-codec\commons-codec\1.11\commons-codec-1.11.jar;C:\Users\dinai\.m2\repository\org\apache\httpcomponents\httpmime\4.5.13\httpmime-4.5.13.jar;C:\Users\dinai\.m2\repository\org\hamcrest\hamcrest\2.1\hamcrest-2.1.jar;C:\Users\dinai\.m2\repository\org\ccil\cowan\tagsoup\tagsoup\1.2.1\tagsoup-1.2.1.jar;C:\Users\dinai\.m2\repository\io\rest-assured\json-path\5.3.0\json-path-5.3.0.jar;C:\Users\dinai\.m2\repository\org\apache\groovy\groovy-json\4.0.6\groovy-json-4.0.6.jar;C:\Users\dinai\.m2\repository\io\rest-assured\rest-assured-common\5.3.0\rest-assured-common-5.3.0.jar;C:\Users\dinai\.m2\repository\io\rest-assured\xml-path\5.3.0\xml-path-5.3.0.jar;C:\Users\dinai\.m2\repository\com\fasterxml\jackson\core\jackson-databind\2.17.0\jackson-databind-2.17.0.jar;C:\Users\dinai\.m2\repository\com\fasterxml\jackson\core\jackson-annotations\2.17.0\jackson-annotations-2.17.0.jar;C:\Users\dinai\.m2\repository\com\fasterxml\jackson\core\jackson-core\2.17.0\jackson-core-2.17.0.jar;C:\Users\dinai\.m2\repository\net\bytebuddy\byte-buddy\1.14.9\byte-buddy-1.14.9.jar;C:\Users\dinai\.m2\repository\com\github\javafaker\javafaker\1.0.2\javafaker-1.0.2.jar;C:\Users\dinai\.m2\repository\org\apache\commons\commons-lang3\3.5\commons-lang3-3.5.jar;C:\Users\dinai\.m2\repository\org\yaml\snakeyaml\1.23\snakeyaml-1.23-android.jar;C:\Users\dinai\.m2\repository\com\github\mifmif\generex\1.0.2\generex-1.0.2.jar;C:\Users\dinai\.m2\repository\dk\brics\automaton\automaton\1.11-8\automaton-1.11-8.jar;C:\Users\dinai\.m2\repository\org\seleniumhq\selenium\selenium-java\4.18.1\selenium-java-4.18.1.jar;C:\Users\dinai\.m2\repository\org\seleniumhq\selenium\selenium-api\4.18.1\selenium-api-4.18.1.jar;C:\Users\dinai\.m2\repository\org\seleniumhq\selenium\selenium-chrome-driver\4.18.1\selenium-chrome-driver-4.18.1.jar;C:\Users\dinai\.m2\repository\com\google\auto\service\auto-service-annotations\1.1.1\auto-service-annotations-1.1.1.jar;C:\Users\dinai\.m2\repository\org\seleniumhq\selenium\selenium-chromium-driver\4.18.1\selenium-chromium-driver-4.18.1.jar;C:\Users\dinai\.m2\repository\org\seleniumhq\selenium\selenium-json\4.18.1\selenium-json-4.18.1.jar;C:\Users\dinai\.m2\repository\org\seleniumhq\selenium\selenium-manager\4.18.1\selenium-manager-4.18.1.jar;C:\Users\dinai\.m2\repository\org\seleniumhq\selenium\selenium-devtools-v120\4.18.1\selenium-devtools-v120-4.18.1.jar;C:\Users\dinai\.m2\repository\org\seleniumhq\selenium\selenium-devtools-v121\4.18.1\selenium-devtools-v121-4.18.1.jar;C:\Users\dinai\.m2\repository\org\seleniumhq\selenium\selenium-devtools-v122\4.18.1\selenium-devtools-v122-4.18.1.jar;C:\Users\dinai\.m2\repository\org\seleniumhq\selenium\selenium-devtools-v85\4.18.1\selenium-devtools-v85-4.18.1.jar;C:\Users\dinai\.m2\repository\org\seleniumhq\selenium\selenium-edge-driver\4.18.1\selenium-edge-driver-4.18.1.jar;C:\Users\dinai\.m2\repository\org\seleniumhq\selenium\selenium-firefox-driver\4.18.1\selenium-firefox-driver-4.18.1.jar;C:\Users\dinai\.m2\repository\org\seleniumhq\selenium\selenium-http\4.18.1\selenium-http-4.18.1.jar;C:\Users\dinai\.m2\repository\dev\failsafe\failsafe\3.3.2\failsafe-3.3.2.jar;C:\Users\dinai\.m2\repository\org\seleniumhq\selenium\selenium-ie-driver\4.18.1\selenium-ie-driver-4.18.1.jar;C:\Users\dinai\.m2\repository\org\seleniumhq\selenium\selenium-remote-driver\4.18.1\selenium-remote-driver-4.18.1.jar;C:\Users\dinai\.m2\repository\com\google\guava\guava\33.0.0-jre\guava-33.0.0-jre.jar;C:\Users\dinai\.m2\repository\com\google\guava\failureaccess\1.0.2\failureaccess-1.0.2.jar;C:\Users\dinai\.m2\repository\com\google\guava\listenablefuture\9999.0-empty-to-avoid-conflict-with-guava\listenablefuture-9999.0-empty-to-avoid-conflict-with-guava.jar;C:\Users\dinai\.m2\repository\com\google\code\findbugs\jsr305\3.0.2\jsr305-3.0.2.jar;C:\Users\dinai\.m2\repository\org\checkerframework\checker-qual\3.41.0\checker-qual-3.41.0.jar;C:\Users\dinai\.m2\repository\com\google\errorprone\error_prone_annotations\2.23.0\error_prone_annotations-2.23.0.jar;C:\Users\dinai\.m2\repository\com\google\j2objc\j2objc-annotations\2.8\j2objc-annotations-2.8.jar;C:\Users\dinai\.m2\repository\io\opentelemetry\semconv\opentelemetry-semconv\1.23.1-alpha\opentelemetry-semconv-1.23.1-alpha.jar;C:\Users\dinai\.m2\repository\io\opentelemetry\opentelemetry-api\1.35.0\opentelemetry-api-1.35.0.jar;C:\Users\dinai\.m2\repository\io\opentelemetry\opentelemetry-context\1.35.0\opentelemetry-context-1.35.0.jar;C:\Users\dinai\.m2\repository\io\opentelemetry\opentelemetry-exporter-logging\1.35.0\opentelemetry-exporter-logging-1.35.0.jar;C:\Users\dinai\.m2\repository\io\opentelemetry\opentelemetry-sdk-common\1.35.0\opentelemetry-sdk-common-1.35.0.jar;C:\Users\dinai\.m2\repository\io\opentelemetry\opentelemetry-sdk-extension-autoconfigure-spi\1.35.0\opentelemetry-sdk-extension-autoconfigure-spi-1.35.0.jar;C:\Users\dinai\.m2\repository\io\opentelemetry\opentelemetry-sdk-extension-autoconfigure\1.35.0\opentelemetry-sdk-extension-autoconfigure-1.35.0.jar;C:\Users\dinai\.m2\repository\io\opentelemetry\opentelemetry-api-events\1.35.0-alpha\opentelemetry-api-events-1.35.0-alpha.jar;C:\Users\dinai\.m2\repository\io\opentelemetry\opentelemetry-sdk-trace\1.35.0\opentelemetry-sdk-trace-1.35.0.jar;C:\Users\dinai\.m2\repository\io\opentelemetry\opentelemetry-extension-incubator\1.35.0-alpha\opentelemetry-extension-incubator-1.35.0-alpha.jar;C:\Users\dinai\.m2\repository\io\opentelemetry\opentelemetry-sdk\1.35.0\opentelemetry-sdk-1.35.0.jar;C:\Users\dinai\.m2\repository\io\opentelemetry\opentelemetry-sdk-metrics\1.35.0\opentelemetry-sdk-metrics-1.35.0.jar;C:\Users\dinai\.m2\repository\io\opentelemetry\opentelemetry-sdk-logs\1.35.0\opentelemetry-sdk-logs-1.35.0.jar;C:\Users\dinai\.m2\repository\org\seleniumhq\selenium\selenium-os\4.18.1\selenium-os-4.18.1.jar;C:\Users\dinai\.m2\repository\org\apache\commons\commons-exec\1.3\commons-exec-1.3.jar;C:\Users\dinai\.m2\repository\org\seleniumhq\selenium\selenium-safari-driver\4.18.1\selenium-safari-driver-4.18.1.jar;C:\Users\dinai\.m2\repository\org\seleniumhq\selenium\selenium-support\4.18.1\selenium-support-4.18.1.jar;C:\Users\dinai\.m2\repository\tech\grasshopper\extentreports-cucumber7-adapter\1.6.0\extentreports-cucumber7-adapter-1.6.0.jar;C:\Users\dinai\.m2\repository\com\aventstack\extentreports\5.0.9\extentreports-5.0.9.jar;C:\Users\dinai\.m2\repository\io\reactivex\rxjava3\rxjava\3.0.4\rxjava-3.0.4.jar;C:\Users\dinai\.m2\repository\org\reactivestreams\reactive-streams\1.0.3\reactive-streams-1.0.3.jar;C:\Users\dinai\.m2\repository\org\freemarker\freemarker\2.3.30\freemarker-2.3.30.jar;C:\Users\dinai\.m2\repository\org\projectlombok\lombok\1.18.12\lombok-1.18.12.jar;C:\Users\dinai\.m2\repository\com\google\code\gson\gson\2.8.6\gson-2.8.6.jar;C:\Users\dinai\.m2\repository\tech\grasshopper\extent-pdf-report\2.6.0\extent-pdf-report-2.6.0.jar;C:\Users\dinai\.m2\repository\tech\grasshopper\cucumber-pdf-report\2.9.0\cucumber-pdf-report-2.9.0.jar;C:\Users\dinai\.m2\repository\org\apache\pdfbox\pdfbox\2.0.26\pdfbox-2.0.26.jar;C:\Users\dinai\.m2\repository\org\apache\pdfbox\fontbox\2.0.26\fontbox-2.0.26.jar;C:\Users\dinai\.m2\repository\org\knowm\xchart\xchart\3.8.0\xchart-3.8.0.jar;C:\Users\dinai\.m2\repository\de\erichseifert\vectorgraphics2d\VectorGraphics2D\0.13\VectorGraphics2D-0.13.jar;C:\Users\dinai\.m2\repository\de\rototor\pdfbox\graphics2d\0.30\graphics2d-0.30.jar;C:\Users\dinai\.m2\repository\com\madgag\animated-gif-lib\1.4\animated-gif-lib-1.4.jar;C:\Users\dinai\.m2\repository\org\yaml\snakeyaml\1.28\snakeyaml-1.28.jar;C:\Users\dinai\.m2\repository\tech\grasshopper\table-layout\1.5.1\table-layout-1.5.1.jar;C:\Users\dinai\.m2\repository\tech\grasshopper\rest-assured-cucumber-pdf-report\1.4.1\rest-assured-cucumber-pdf-report-1.4.1.jar;C:\Users\dinai\.m2\repository\org\jsoup\jsoup\1.14.3\jsoup-1.14.3.jar;C:\Users\dinai\.m2\repository\com\aventstack\klov-reporter\5.0.9\klov-reporter-5.0.9.jar;C:\Users\dinai\.m2\repository\org\mongodb\mongodb-driver\3.6.4\mongodb-driver-3.6.4.jar;C:\Users\dinai\.m2\repository\org\mongodb\mongodb-driver-core\3.6.4\mongodb-driver-core-3.6.4.jar;C:\Users\dinai\.m2\repository\org\mongodb\bson\3.6.4\bson-3.6.4.jar;C:\Users\dinai\.m2\repository\tech\grasshopper\htmlextentreporter\1.0.1\htmlextentreporter-1.0.1.jar;C:\Users\dinai\AppData\Roaming\JetBrains\IntelliJIdea2024.1\plugins\cucumber-java\lib\cucumber-jvmFormatter.jar
Launcher Type: SUN_STANDARD

[Global flags]
     intx CICompilerCount                          = 4                                         {product} {ergonomic}
     uint ConcGCThreads                            = 2                                         {product} {ergonomic}
     uint G1ConcRefinementThreads                  = 8                                         {product} {ergonomic}
   size_t G1HeapRegionSize                         = 1048576                                   {product} {ergonomic}
    uintx GCDrainStackTargetSize                   = 64                                        {product} {ergonomic}
   size_t InitialHeapSize                          = 132120576                                 {product} {ergonomic}
   size_t MarkStackSize                            = 4194304                                   {product} {ergonomic}
   size_t MaxHeapSize                              = 2105540608                                {product} {ergonomic}
   size_t MaxNewSize                               = 1262485504                                {product} {ergonomic}
   size_t MinHeapDeltaBytes                        = 1048576                                   {product} {ergonomic}
   size_t MinHeapSize                              = 8388608                                   {product} {ergonomic}
    uintx NonNMethodCodeHeapSize                   = 5839372                                {pd product} {ergonomic}
    uintx NonProfiledCodeHeapSize                  = 122909434                              {pd product} {ergonomic}
    uintx ProfiledCodeHeapSize                     = 122909434                              {pd product} {ergonomic}
    uintx ReservedCodeCacheSize                    = 251658240                              {pd product} {ergonomic}
     bool SegmentedCodeCache                       = true                                      {product} {ergonomic}
   size_t SoftMaxHeapSize                          = 2105540608                             {manageable} {ergonomic}
     bool UseCompressedOops                        = true                           {product lp64_product} {ergonomic}
     bool UseG1GC                                  = true                                      {product} {ergonomic}
     bool UseLargePagesIndividualAllocation        = false                                  {pd product} {ergonomic}

Logging:
Log output configuration:
 #0: stdout all=warning uptime,level,tags foldmultilines=false
 #1: stderr all=off uptime,level,tags foldmultilines=false

Environment Variables:
JAVA_HOME=C:\Users\dinai\.jdks\openjdk-21.0.2
PATH=C:\WINDOWS\system32;C:\WINDOWS;C:\WINDOWS\System32\Wbem;C:\WINDOWS\System32\WindowsPowerShell\v1.0\;C:\WINDOWS\System32\OpenSSH\;C:\Program Files (x86)\IBM\SPSS\Statistics\22\JRE\bin;C:\Program Files\Git\cmd;C:\Users\dinai\.jdks\openjdk-21.0.2\bin;C:\Program Files\nodejs\;C:\Program Files\apache-maven-3.9.6\bin;C:\Users\dinai\AppData\Local\Microsoft\WindowsApps;C:\Users\dinai\AppData\Roaming\npm
USERNAME=dinai
OS=Windows_NT
PROCESSOR_IDENTIFIER=Intel64 Family 6 Model 142 Stepping 12, GenuineIntel
TMP=C:\Users\dinai\AppData\Local\Temp
TEMP=C:\Users\dinai\AppData\Local\Temp




Periodic native trim disabled

---------------  S Y S T E M  ---------------

OS:
 Windows 11 , 64 bit Build 22621 (10.0.22621.3374)
OS uptime: 15 days 4:58 hours
Hyper-V role detected

CPU: total 8 (initial active 8) (4 cores per cpu, 2 threads per core) family 6 model 142 stepping 12 microcode 0xde, cx8, cmov, fxsr, ht, mmx, 3dnowpref, sse, sse2, sse3, ssse3, sse4.1, sse4.2, popcnt, lzcnt, tsc, tscinvbit, avx, avx2, aes, erms, clmul, bmi1, bmi2, adx, fma, vzeroupper, clflush, clflushopt, hv, rdtscp, f16c
Processor Information for all 8 processors :
  Max Mhz: 2112, Current Mhz: 2112, Mhz Limit: 1605

Memory: 4k page, system-wide physical 8025M (414M free)
TotalPageFile size 20679M (AvailPageFile size 0M)
current process WorkingSet (physical memory assigned to process): 101M, peak: 101M
current process commit charge ("private bytes"): 239M, peak: 239M

vm_info: OpenJDK 64-Bit Server VM (21.0.2+13-58) for windows-amd64 JRE (21.0.2+13-58), built on 2024-01-05T18:32:24Z by "mach5one" with MS VC++ 17.1 (VS2022)

END.
